<?xml version="1.0" encoding="utf-8"?>
<coverage line-rate="0.889" branch-rate="0.8076000000000001" version="1.9" timestamp="1612028557" lines-covered="857" lines-valid="964" branches-covered="63" branches-valid="78">
  <sources>
    <source>/Users/steve/Projects/ComputerEmulator/Cpu/6502/</source>
  </sources>
  <packages>
    <package name="6502" line-rate="0.889" branch-rate="0.8076000000000001" complexity="273">
      <classes>
        <class name="_6502.AddressMap" filename="AddressMap.cs" line-rate="0.9" branch-rate="0.7" complexity="18">
          <methods>
            <method name="get_CanRead" signature="()" line-rate="0" branch-rate="1" complexity="1">
              <lines>
                <line number="7" hits="0" branch="False" />
              </lines>
            </method>
            <method name="get_CanWrite" signature="()" line-rate="0" branch-rate="1" complexity="1">
              <lines>
                <line number="9" hits="0" branch="False" />
              </lines>
            </method>
            <method name="get_StartAddress" signature="()" line-rate="0" branch-rate="1" complexity="1">
              <lines>
                <line number="11" hits="0" branch="False" />
              </lines>
            </method>
            <method name="get_Size" signature="()" line-rate="1" branch-rate="1" complexity="1">
              <lines>
                <line number="13" hits="559" branch="False" />
              </lines>
            </method>
            <method name="Install" signature="(_6502.IAddressAssignment)" line-rate="1" branch-rate="1" complexity="2">
              <lines>
                <line number="18" hits="228" branch="False" />
                <line number="19" hits="228" branch="False" />
                <line number="21" hits="228" branch="False" />
                <line number="22" hits="14951784" branch="True" condition-coverage="100% (2/2)">
                  <conditions>
                    <condition number="75" type="jump" coverage="100%" />
                  </conditions>
                </line>
                <line number="23" hits="7475664" branch="False" />
                <line number="24" hits="7475664" branch="False" />
                <line number="25" hits="7475664" branch="False" />
                <line number="26" hits="228" branch="False" />
              </lines>
            </method>
            <method name="Load" signature="(System.UInt16)" line-rate="1" branch-rate="1" complexity="1">
              <lines>
                <line number="29" hits="120" branch="False" />
                <line number="30" hits="120" branch="False" />
                <line number="31" hits="120" branch="False" />
              </lines>
            </method>
            <method name="Read" signature="(System.UInt16)" line-rate="0.8571" branch-rate="0.5" complexity="4">
              <lines>
                <line number="34" hits="1092" branch="False" />
                <line number="35" hits="1092" branch="False" />
                <line number="37" hits="1092" branch="True" condition-coverage="50% (2/4)">
                  <conditions>
                    <condition number="11" type="jump" coverage="50%" />
                    <condition number="24" type="jump" coverage="50%" />
                  </conditions>
                </line>
                <line number="38" hits="1092" branch="False" />
                <line number="39" hits="1092" branch="False" />
                <line number="42" hits="0" branch="False" />
                <line number="43" hits="1092" branch="False" />
              </lines>
            </method>
            <method name="Write" signature="(System.UInt16,System.Byte)" line-rate="1" branch-rate="0.75" complexity="4">
              <lines>
                <line number="46" hits="1131" branch="False" />
                <line number="47" hits="1131" branch="False" />
                <line number="49" hits="1131" branch="True" condition-coverage="75% (3/4)">
                  <conditions>
                    <condition number="11" type="jump" coverage="50%" />
                    <condition number="24" type="jump" coverage="100%" />
                  </conditions>
                </line>
                <line number="50" hits="1131" branch="False" />
                <line number="51" hits="1131" branch="False" />
                <line number="52" hits="1131" branch="False" />
                <line number="54" hits="1131" branch="False" />
                <line number="55" hits="1131" branch="False" />
              </lines>
            </method>
            <method name="WriteWord" signature="(System.UInt16,System.UInt16)" line-rate="1" branch-rate="1" complexity="1">
              <lines>
                <line number="58" hits="199" branch="False" />
                <line number="59" hits="199" branch="False" />
                <line number="60" hits="199" branch="False" />
                <line number="61" hits="199" branch="False" />
                <line number="62" hits="199" branch="False" />
              </lines>
            </method>
            <method name="ReadWord" signature="(System.UInt16)" line-rate="1" branch-rate="1" complexity="1">
              <lines>
                <line number="65" hits="132" branch="False" />
                <line number="66" hits="132" branch="False" />
                <line number="67" hits="132" branch="False" />
                <line number="68" hits="132" branch="False" />
              </lines>
            </method>
            <method name=".ctor" signature="()" line-rate="1" branch-rate="1" complexity="1">
              <lines>
                <line number="15" hits="114" branch="False" />
              </lines>
            </method>
          </methods>
          <lines>
            <line number="7" hits="0" branch="False" />
            <line number="9" hits="0" branch="False" />
            <line number="11" hits="0" branch="False" />
            <line number="13" hits="559" branch="False" />
            <line number="18" hits="228" branch="False" />
            <line number="19" hits="228" branch="False" />
            <line number="21" hits="228" branch="False" />
            <line number="22" hits="14951784" branch="True" condition-coverage="100% (2/2)">
              <conditions>
                <condition number="75" type="jump" coverage="100%" />
              </conditions>
            </line>
            <line number="23" hits="7475664" branch="False" />
            <line number="24" hits="7475664" branch="False" />
            <line number="25" hits="7475664" branch="False" />
            <line number="26" hits="228" branch="False" />
            <line number="29" hits="120" branch="False" />
            <line number="30" hits="120" branch="False" />
            <line number="31" hits="120" branch="False" />
            <line number="34" hits="1092" branch="False" />
            <line number="35" hits="1092" branch="False" />
            <line number="37" hits="1092" branch="True" condition-coverage="50% (2/4)">
              <conditions>
                <condition number="11" type="jump" coverage="50%" />
                <condition number="24" type="jump" coverage="50%" />
              </conditions>
            </line>
            <line number="38" hits="1092" branch="False" />
            <line number="39" hits="1092" branch="False" />
            <line number="42" hits="0" branch="False" />
            <line number="43" hits="1092" branch="False" />
            <line number="46" hits="1131" branch="False" />
            <line number="47" hits="1131" branch="False" />
            <line number="49" hits="1131" branch="True" condition-coverage="75% (3/4)">
              <conditions>
                <condition number="11" type="jump" coverage="50%" />
                <condition number="24" type="jump" coverage="100%" />
              </conditions>
            </line>
            <line number="50" hits="1131" branch="False" />
            <line number="51" hits="1131" branch="False" />
            <line number="52" hits="1131" branch="False" />
            <line number="54" hits="1131" branch="False" />
            <line number="55" hits="1131" branch="False" />
            <line number="58" hits="199" branch="False" />
            <line number="59" hits="199" branch="False" />
            <line number="60" hits="199" branch="False" />
            <line number="61" hits="199" branch="False" />
            <line number="62" hits="199" branch="False" />
            <line number="65" hits="132" branch="False" />
            <line number="66" hits="132" branch="False" />
            <line number="67" hits="132" branch="False" />
            <line number="68" hits="132" branch="False" />
            <line number="15" hits="114" branch="False" />
          </lines>
        </class>
        <class name="_6502.BitwiseExtensions" filename="BitwiseExtensions.cs" line-rate="1" branch-rate="1" complexity="5">
          <methods>
            <method name="Lsb" signature="(System.UInt16)" line-rate="1" branch-rate="1" complexity="1">
              <lines>
                <line number="8" hits="2" branch="False" />
                <line number="9" hits="2" branch="False" />
                <line number="10" hits="2" branch="False" />
              </lines>
            </method>
            <method name="Msb" signature="(System.UInt16)" line-rate="1" branch-rate="1" complexity="1">
              <lines>
                <line number="13" hits="2" branch="False" />
                <line number="14" hits="2" branch="False" />
                <line number="15" hits="2" branch="False" />
              </lines>
            </method>
            <method name="UshortFromBytes" signature="(System.Byte,System.Byte)" line-rate="1" branch-rate="1" complexity="1">
              <lines>
                <line number="18" hits="1" branch="False" />
                <line number="19" hits="1" branch="False" />
                <line number="20" hits="1" branch="False" />
              </lines>
            </method>
            <method name="Bit" signature="(System.Byte,System.Int32)" line-rate="1" branch-rate="1" complexity="2">
              <lines>
                <line number="23" hits="137" branch="False" />
                <line number="24" hits="137" branch="False" />
                <line number="26" hits="137" branch="True" condition-coverage="100% (2/2)">
                  <conditions>
                    <condition number="22" type="jump" coverage="100%" />
                  </conditions>
                </line>
                <line number="27" hits="137" branch="False" />
              </lines>
            </method>
          </methods>
          <lines>
            <line number="8" hits="2" branch="False" />
            <line number="9" hits="2" branch="False" />
            <line number="10" hits="2" branch="False" />
            <line number="13" hits="2" branch="False" />
            <line number="14" hits="2" branch="False" />
            <line number="15" hits="2" branch="False" />
            <line number="18" hits="1" branch="False" />
            <line number="19" hits="1" branch="False" />
            <line number="20" hits="1" branch="False" />
            <line number="23" hits="137" branch="False" />
            <line number="24" hits="137" branch="False" />
            <line number="26" hits="137" branch="True" condition-coverage="100% (2/2)">
              <conditions>
                <condition number="22" type="jump" coverage="100%" />
              </conditions>
            </line>
            <line number="27" hits="137" branch="False" />
          </lines>
        </class>
        <class name="_6502.CPU6502" filename="CPU6502.cs" line-rate="0.9301999999999999" branch-rate="0.7916" complexity="169">
          <methods>
            <method name="get_DebugLevel" signature="()" line-rate="1" branch-rate="1" complexity="1">
              <lines>
                <line number="133" hits="1019" branch="False" />
              </lines>
            </method>
            <method name="Log" signature="(_6502.DebugLevel,System.String)" line-rate="1" branch-rate="1" complexity="2">
              <lines>
                <line number="145" hits="791" branch="False" />
                <line number="146" hits="791" branch="True" condition-coverage="100% (2/2)">
                  <conditions>
                    <condition number="15" type="jump" coverage="100%" />
                  </conditions>
                </line>
                <line number="147" hits="791" branch="False" />
                <line number="148" hits="791" branch="False" />
                <line number="149" hits="791" branch="False" />
                <line number="150" hits="791" branch="False" />
                <line number="151" hits="791" branch="False" />
              </lines>
            </method>
            <method name="StartLogInstruction" signature="(System.UInt16)" line-rate="1" branch-rate="1" complexity="1">
              <lines>
                <line number="154" hits="428" branch="False" />
                <line number="155" hits="428" branch="False" />
                <line number="156" hits="428" branch="False" />
                <line number="157" hits="428" branch="False" />
              </lines>
            </method>
            <method name="EndLogInstruction" signature="(_6502.CPU6502/OPCODE)" line-rate="1" branch-rate="1" complexity="1">
              <lines>
                <line number="160" hits="428" branch="False" />
                <line number="161" hits="428" branch="False" />
                <line number="162" hits="428" branch="False" />
              </lines>
            </method>
            <method name="LogParams" signature="(System.String)" line-rate="1" branch-rate="1" complexity="2">
              <lines>
                <line number="165" hits="314" branch="False" />
                <line number="166" hits="314" branch="True" condition-coverage="100% (2/2)">
                  <conditions>
                    <condition number="14" type="jump" coverage="100%" />
                  </conditions>
                </line>
                <line number="167" hits="278" branch="False" />
                <line number="168" hits="278" branch="False" />
                <line number="169" hits="278" branch="False" />
                <line number="171" hits="36" branch="False" />
                <line number="172" hits="36" branch="False" />
                <line number="173" hits="36" branch="False" />
                <line number="174" hits="314" branch="False" />
              </lines>
            </method>
            <method name="LogInstruction" signature="(_6502.CPU6502/OPCODE,System.UInt16,System.String)" line-rate="1" branch-rate="1" complexity="1">
              <lines>
                <line number="177" hits="428" branch="False" />
                <line number="178" hits="428" branch="False" />
                <line number="180" hits="428" branch="False" />
                <line number="181" hits="428" branch="False" />
              </lines>
            </method>
            <method name="LoadOpCodes" signature="()" line-rate="1" branch-rate="1" complexity="2">
              <lines>
                <line number="184" hits="114" branch="False" />
                <line number="185" hits="58596" branch="True" condition-coverage="100% (2/2)">
                  <conditions>
                    <condition number="30" type="jump" coverage="100%" />
                  </conditions>
                </line>
                <line number="186" hits="29184" branch="False" />
                <line number="187" hits="29184" branch="False" />
                <line number="188" hits="29184" branch="False" />
                <line number="191" hits="114" branch="False" />
                <line number="192" hits="114" branch="False" />
                <line number="193" hits="114" branch="False" />
                <line number="194" hits="114" branch="False" />
                <line number="195" hits="114" branch="False" />
                <line number="196" hits="114" branch="False" />
                <line number="197" hits="114" branch="False" />
                <line number="198" hits="114" branch="False" />
                <line number="199" hits="114" branch="False" />
                <line number="200" hits="114" branch="False" />
                <line number="201" hits="114" branch="False" />
                <line number="202" hits="114" branch="False" />
                <line number="203" hits="114" branch="False" />
                <line number="204" hits="114" branch="False" />
                <line number="205" hits="114" branch="False" />
                <line number="206" hits="114" branch="False" />
                <line number="207" hits="114" branch="False" />
                <line number="208" hits="114" branch="False" />
                <line number="209" hits="114" branch="False" />
                <line number="210" hits="114" branch="False" />
                <line number="211" hits="114" branch="False" />
                <line number="212" hits="114" branch="False" />
                <line number="213" hits="114" branch="False" />
                <line number="214" hits="114" branch="False" />
                <line number="215" hits="114" branch="False" />
                <line number="216" hits="114" branch="False" />
                <line number="217" hits="114" branch="False" />
                <line number="218" hits="114" branch="False" />
                <line number="219" hits="114" branch="False" />
                <line number="220" hits="114" branch="False" />
                <line number="221" hits="114" branch="False" />
                <line number="222" hits="114" branch="False" />
                <line number="223" hits="114" branch="False" />
                <line number="224" hits="114" branch="False" />
                <line number="225" hits="114" branch="False" />
                <line number="226" hits="114" branch="False" />
                <line number="227" hits="114" branch="False" />
                <line number="228" hits="114" branch="False" />
                <line number="229" hits="114" branch="False" />
                <line number="230" hits="114" branch="False" />
                <line number="231" hits="114" branch="False" />
                <line number="232" hits="114" branch="False" />
                <line number="233" hits="114" branch="False" />
                <line number="234" hits="114" branch="False" />
                <line number="235" hits="114" branch="False" />
                <line number="236" hits="114" branch="False" />
                <line number="237" hits="114" branch="False" />
                <line number="238" hits="114" branch="False" />
                <line number="239" hits="114" branch="False" />
                <line number="240" hits="114" branch="False" />
                <line number="241" hits="114" branch="False" />
                <line number="242" hits="114" branch="False" />
                <line number="243" hits="114" branch="False" />
                <line number="244" hits="114" branch="False" />
                <line number="245" hits="114" branch="False" />
                <line number="246" hits="114" branch="False" />
                <line number="247" hits="114" branch="False" />
                <line number="248" hits="114" branch="False" />
                <line number="249" hits="114" branch="False" />
                <line number="250" hits="114" branch="False" />
                <line number="251" hits="114" branch="False" />
                <line number="252" hits="114" branch="False" />
                <line number="253" hits="114" branch="False" />
                <line number="254" hits="114" branch="False" />
                <line number="255" hits="114" branch="False" />
                <line number="256" hits="114" branch="False" />
                <line number="257" hits="114" branch="False" />
                <line number="258" hits="114" branch="False" />
                <line number="259" hits="114" branch="False" />
                <line number="260" hits="114" branch="False" />
                <line number="261" hits="114" branch="False" />
                <line number="262" hits="114" branch="False" />
                <line number="263" hits="114" branch="False" />
                <line number="264" hits="114" branch="False" />
                <line number="265" hits="114" branch="False" />
                <line number="266" hits="114" branch="False" />
                <line number="267" hits="114" branch="False" />
                <line number="268" hits="114" branch="False" />
                <line number="269" hits="114" branch="False" />
                <line number="270" hits="114" branch="False" />
                <line number="271" hits="114" branch="False" />
                <line number="272" hits="114" branch="False" />
                <line number="273" hits="114" branch="False" />
                <line number="274" hits="114" branch="False" />
                <line number="275" hits="114" branch="False" />
                <line number="276" hits="114" branch="False" />
                <line number="277" hits="114" branch="False" />
                <line number="278" hits="114" branch="False" />
                <line number="279" hits="114" branch="False" />
                <line number="280" hits="114" branch="False" />
                <line number="281" hits="114" branch="False" />
                <line number="282" hits="114" branch="False" />
                <line number="283" hits="114" branch="False" />
                <line number="284" hits="114" branch="False" />
                <line number="285" hits="114" branch="False" />
                <line number="286" hits="114" branch="False" />
                <line number="287" hits="114" branch="False" />
                <line number="288" hits="114" branch="False" />
                <line number="289" hits="114" branch="False" />
                <line number="290" hits="114" branch="False" />
                <line number="291" hits="114" branch="False" />
                <line number="292" hits="114" branch="False" />
                <line number="293" hits="114" branch="False" />
                <line number="294" hits="114" branch="False" />
                <line number="295" hits="114" branch="False" />
                <line number="296" hits="114" branch="False" />
                <line number="297" hits="114" branch="False" />
                <line number="298" hits="114" branch="False" />
                <line number="299" hits="114" branch="False" />
                <line number="300" hits="114" branch="False" />
                <line number="301" hits="114" branch="False" />
                <line number="302" hits="114" branch="False" />
              </lines>
            </method>
            <method name="Reset" signature="()" line-rate="1" branch-rate="1" complexity="1">
              <lines>
                <line number="306" hits="121" branch="False" />
                <line number="307" hits="121" branch="False" />
                <line number="309" hits="121" branch="False" />
                <line number="310" hits="121" branch="False" />
                <line number="311" hits="121" branch="False" />
                <line number="312" hits="121" branch="False" />
                <line number="313" hits="121" branch="False" />
                <line number="314" hits="121" branch="False" />
                <line number="315" hits="121" branch="False" />
                <line number="317" hits="121" branch="False" />
                <line number="318" hits="121" branch="False" />
                <line number="319" hits="121" branch="False" />
              </lines>
            </method>
            <method name="Run" signature="()" line-rate="0.8421" branch-rate="0.75" complexity="4">
              <lines>
                <line number="322" hits="121" branch="False" />
                <line number="323" hits="428" branch="False" />
                <line number="324" hits="428" branch="False" />
                <line number="325" hits="428" branch="False" />
                <line number="326" hits="428" branch="False" />
                <line number="328" hits="428" branch="False" />
                <line number="330" hits="428" branch="True" condition-coverage="50% (1/2)">
                  <conditions>
                    <condition number="39" type="jump" coverage="50%" />
                  </conditions>
                </line>
                <line number="331" hits="0" branch="False" />
                <line number="332" hits="0" branch="False" />
                <line number="333" hits="0" branch="False" />
                <line number="335" hits="428" branch="False" />
                <line number="336" hits="428" branch="False" />
                <line number="337" hits="428" branch="False" />
                <line number="339" hits="428" branch="True" condition-coverage="100% (2/2)">
                  <conditions>
                    <condition number="98" type="jump" coverage="100%" />
                  </conditions>
                </line>
                <line number="340" hits="121" branch="False" />
                <line number="342" hits="121" branch="False" />
                <line number="344" hits="307" branch="False" />
                <line number="345" hits="307" branch="False" />
                <line number="346" hits="121" branch="False" />
              </lines>
            </method>
            <method name="AddWithCarry" signature="(System.Byte)" line-rate="0.8125" branch-rate="0.6666" complexity="6">
              <lines>
                <line number="349" hits="19" branch="False" />
                <line number="350" hits="19" branch="False" />
                <line number="351" hits="19" branch="False" />
                <line number="353" hits="19" branch="False" />
                <line number="355" hits="19" branch="True" condition-coverage="50% (1/2)">
                  <conditions>
                    <condition number="29" type="jump" coverage="50%" />
                  </conditions>
                </line>
                <line number="356" hits="0" branch="False" />
                <line number="357" hits="0" branch="False" />
                <line number="358" hits="0" branch="False" />
                <line number="360" hits="19" branch="False" />
                <line number="362" hits="19" branch="False" />
                <line number="364" hits="19" branch="True" condition-coverage="50% (1/2)">
                  <conditions>
                    <condition number="63" type="jump" coverage="50%" />
                  </conditions>
                </line>
                <line number="365" hits="19" branch="False" />
                <line number="366" hits="19" branch="False" />
                <line number="367" hits="19" branch="False" />
                <line number="369" hits="19" branch="True" condition-coverage="100% (2/2)">
                  <conditions>
                    <condition number="125" type="jump" coverage="100%" />
                  </conditions>
                </line>
                <line number="370" hits="19" branch="False" />
              </lines>
            </method>
            <method name="BitTest" signature="(System.UInt16)" line-rate="1" branch-rate="1" complexity="1">
              <lines>
                <line number="373" hits="2" branch="False" />
                <line number="374" hits="2" branch="False" />
                <line number="375" hits="2" branch="False" />
                <line number="376" hits="2" branch="False" />
                <line number="377" hits="2" branch="False" />
                <line number="378" hits="2" branch="False" />
              </lines>
            </method>
            <method name="Branch" signature="(System.Boolean)" line-rate="1" branch-rate="1" complexity="2">
              <lines>
                <line number="381" hits="12" branch="False" />
                <line number="382" hits="12" branch="False" />
                <line number="383" hits="12" branch="False" />
                <line number="384" hits="12" branch="True" condition-coverage="100% (2/2)">
                  <conditions>
                    <condition number="35" type="jump" coverage="100%" />
                  </conditions>
                </line>
                <line number="385" hits="12" branch="False" />
                <line number="386" hits="12" branch="False" />
                <line number="387" hits="12" branch="False" />
                <line number="388" hits="12" branch="False" />
              </lines>
            </method>
            <method name="Fetch" signature="()" line-rate="1" branch-rate="1" complexity="1">
              <lines>
                <line number="391" hits="754" branch="False" />
                <line number="392" hits="754" branch="False" />
                <line number="393" hits="754" branch="False" />
                <line number="394" hits="754" branch="False" />
                <line number="395" hits="754" branch="False" />
              </lines>
            </method>
            <method name="FetchWord" signature="()" line-rate="1" branch-rate="1" complexity="1">
              <lines>
                <line number="398" hits="48" branch="False" />
                <line number="399" hits="48" branch="False" />
                <line number="400" hits="48" branch="False" />
                <line number="401" hits="48" branch="False" />
                <line number="403" hits="48" branch="False" />
                <line number="404" hits="48" branch="False" />
              </lines>
            </method>
            <method name="Read" signature="(System.UInt16)" line-rate="1" branch-rate="1" complexity="1">
              <lines>
                <line number="407" hits="74" branch="False" />
                <line number="408" hits="74" branch="False" />
                <line number="409" hits="74" branch="False" />
              </lines>
            </method>
            <method name="ReadWord" signature="(System.UInt16)" line-rate="1" branch-rate="1" complexity="1">
              <lines>
                <line number="412" hits="11" branch="False" />
                <line number="413" hits="11" branch="False" />
                <line number="414" hits="11" branch="False" />
              </lines>
            </method>
            <method name="Write" signature="(System.UInt16,System.Byte)" line-rate="1" branch-rate="1" complexity="1">
              <lines>
                <line number="417" hits="23" branch="False" />
                <line number="418" hits="23" branch="False" />
                <line number="419" hits="23" branch="False" />
              </lines>
            </method>
            <method name="WriteWord" signature="(System.UInt16,System.UInt16)" line-rate="0" branch-rate="1" complexity="1">
              <lines>
                <line number="422" hits="0" branch="False" />
                <line number="423" hits="0" branch="False" />
                <line number="424" hits="0" branch="False" />
              </lines>
            </method>
            <method name="FetchAbsoluteAddress" signature="()" line-rate="1" branch-rate="1" complexity="1">
              <lines>
                <line number="427" hits="33" branch="False" />
                <line number="428" hits="33" branch="False" />
                <line number="429" hits="33" branch="False" />
                <line number="430" hits="33" branch="False" />
                <line number="431" hits="33" branch="False" />
              </lines>
            </method>
            <method name="FetchAbsoluteAddressX" signature="()" line-rate="1" branch-rate="1" complexity="1">
              <lines>
                <line number="433" hits="10" branch="False" />
                <line number="434" hits="10" branch="False" />
                <line number="435" hits="10" branch="False" />
                <line number="436" hits="10" branch="False" />
                <line number="437" hits="10" branch="False" />
                <line number="438" hits="10" branch="False" />
                <line number="439" hits="10" branch="False" />
              </lines>
            </method>
            <method name="FetchAbsoluteAddressY" signature="()" line-rate="1" branch-rate="1" complexity="1">
              <lines>
                <line number="441" hits="4" branch="False" />
                <line number="442" hits="4" branch="False" />
                <line number="443" hits="4" branch="False" />
                <line number="444" hits="4" branch="False" />
                <line number="445" hits="4" branch="False" />
                <line number="446" hits="4" branch="False" />
                <line number="447" hits="4" branch="False" />
              </lines>
            </method>
            <method name="FetchIndirectAddress" signature="()" line-rate="1" branch-rate="1" complexity="1">
              <lines>
                <line number="450" hits="1" branch="False" />
                <line number="451" hits="1" branch="False" />
                <line number="452" hits="1" branch="False" />
                <line number="453" hits="1" branch="False" />
                <line number="454" hits="1" branch="False" />
                <line number="455" hits="1" branch="False" />
                <line number="456" hits="1" branch="False" />
              </lines>
            </method>
            <method name="FetchIndexedIndirectAddressX" signature="()" line-rate="1" branch-rate="1" complexity="1">
              <lines>
                <line number="459" hits="5" branch="False" />
                <line number="460" hits="5" branch="False" />
                <line number="461" hits="5" branch="False" />
                <line number="462" hits="5" branch="False" />
                <line number="463" hits="5" branch="False" />
                <line number="464" hits="5" branch="False" />
                <line number="465" hits="5" branch="False" />
              </lines>
            </method>
            <method name="FetchIndirectIndexedAddressY" signature="()" line-rate="1" branch-rate="1" complexity="1">
              <lines>
                <line number="467" hits="5" branch="False" />
                <line number="468" hits="5" branch="False" />
                <line number="469" hits="5" branch="False" />
                <line number="470" hits="5" branch="False" />
                <line number="471" hits="5" branch="False" />
                <line number="472" hits="5" branch="False" />
                <line number="473" hits="5" branch="False" />
              </lines>
            </method>
            <method name="FetchZeroPageAddress" signature="()" line-rate="1" branch-rate="1" complexity="1">
              <lines>
                <line number="476" hits="21" branch="False" />
                <line number="477" hits="21" branch="False" />
                <line number="478" hits="21" branch="False" />
                <line number="479" hits="21" branch="False" />
                <line number="480" hits="21" branch="False" />
              </lines>
            </method>
            <method name="FetchZeroPageAddressX" signature="()" line-rate="1" branch-rate="1" complexity="1">
              <lines>
                <line number="482" hits="9" branch="False" />
                <line number="483" hits="9" branch="False" />
                <line number="484" hits="9" branch="False" />
                <line number="485" hits="9" branch="False" />
                <line number="486" hits="9" branch="False" />
                <line number="487" hits="9" branch="False" />
                <line number="488" hits="9" branch="False" />
              </lines>
            </method>
            <method name="FetchZeroPageAddressY" signature="()" line-rate="1" branch-rate="1" complexity="1">
              <lines>
                <line number="490" hits="2" branch="False" />
                <line number="491" hits="2" branch="False" />
                <line number="492" hits="2" branch="False" />
                <line number="493" hits="2" branch="False" />
                <line number="494" hits="2" branch="False" />
                <line number="495" hits="2" branch="False" />
                <line number="496" hits="2" branch="False" />
              </lines>
            </method>
            <method name="LoadAccumulator" signature="(System.Byte)" line-rate="1" branch-rate="1" complexity="1">
              <lines>
                <line number="499" hits="139" branch="False" />
                <line number="500" hits="139" branch="False" />
                <line number="501" hits="139" branch="False" />
                <line number="502" hits="139" branch="False" />
                <line number="503" hits="139" branch="False" />
              </lines>
            </method>
            <method name="LoadX" signature="(System.Byte)" line-rate="1" branch-rate="1" complexity="1">
              <lines>
                <line number="506" hits="46" branch="False" />
                <line number="507" hits="46" branch="False" />
                <line number="508" hits="46" branch="False" />
                <line number="509" hits="46" branch="False" />
                <line number="510" hits="46" branch="False" />
              </lines>
            </method>
            <method name="LoadY" signature="(System.Byte)" line-rate="1" branch-rate="1" complexity="1">
              <lines>
                <line number="513" hits="42" branch="False" />
                <line number="514" hits="42" branch="False" />
                <line number="515" hits="42" branch="False" />
                <line number="516" hits="42" branch="False" />
                <line number="517" hits="42" branch="False" />
              </lines>
            </method>
            <method name="Push" signature="(System.Byte)" line-rate="0.5555" branch-rate="0.5" complexity="2">
              <lines>
                <line number="520" hits="7" branch="False" />
                <line number="521" hits="7" branch="False" />
                <line number="522" hits="7" branch="True" condition-coverage="50% (1/2)">
                  <conditions>
                    <condition number="33" type="jump" coverage="50%" />
                  </conditions>
                </line>
                <line number="523" hits="0" branch="False" />
                <line number="524" hits="0" branch="False" />
                <line number="525" hits="0" branch="False" />
                <line number="526" hits="0" branch="False" />
                <line number="527" hits="7" branch="False" />
                <line number="528" hits="7" branch="False" />
              </lines>
            </method>
            <method name="PushWord" signature="(System.UInt16)" line-rate="1" branch-rate="1" complexity="1">
              <lines>
                <line number="530" hits="2" branch="False" />
                <line number="531" hits="2" branch="False" />
                <line number="532" hits="2" branch="False" />
                <line number="533" hits="2" branch="False" />
              </lines>
            </method>
            <method name="Pull" signature="()" line-rate="0.6" branch-rate="0.5" complexity="2">
              <lines>
                <line number="536" hits="3" branch="False" />
                <line number="537" hits="3" branch="True" condition-coverage="50% (1/2)">
                  <conditions>
                    <condition number="16" type="jump" coverage="50%" />
                  </conditions>
                </line>
                <line number="538" hits="0" branch="False" />
                <line number="539" hits="0" branch="False" />
                <line number="540" hits="0" branch="False" />
                <line number="541" hits="0" branch="False" />
                <line number="542" hits="3" branch="False" />
                <line number="543" hits="3" branch="False" />
                <line number="544" hits="3" branch="False" />
                <line number="545" hits="3" branch="False" />
              </lines>
            </method>
            <method name="PullWord" signature="()" line-rate="1" branch-rate="1" complexity="1">
              <lines>
                <line number="548" hits="1" branch="False" />
                <line number="549" hits="1" branch="False" />
                <line number="550" hits="1" branch="False" />
                <line number="551" hits="1" branch="False" />
                <line number="552" hits="1" branch="False" />
              </lines>
            </method>
            <method name="CompareMemory" signature="(System.UInt16,System.Byte)" line-rate="1" branch-rate="1" complexity="1">
              <lines>
                <line number="555" hits="10" branch="False" />
                <line number="556" hits="10" branch="False" />
                <line number="557" hits="10" branch="False" />
                <line number="558" hits="10" branch="False" />
              </lines>
            </method>
            <method name="Compare" signature="(System.Byte,System.Byte)" line-rate="1" branch-rate="1" complexity="2">
              <lines>
                <line number="561" hits="21" branch="False" />
                <line number="562" hits="21" branch="True" condition-coverage="100% (2/2)">
                  <conditions>
                    <condition number="7" type="jump" coverage="100%" />
                  </conditions>
                </line>
                <line number="563" hits="14" branch="False" />
                <line number="564" hits="14" branch="False" />
                <line number="565" hits="14" branch="False" />
                <line number="566" hits="14" branch="False" />
                <line number="567" hits="14" branch="False" />
                <line number="569" hits="7" branch="False" />
                <line number="570" hits="7" branch="False" />
                <line number="571" hits="7" branch="False" />
                <line number="572" hits="7" branch="False" />
                <line number="573" hits="7" branch="False" />
                <line number="574" hits="21" branch="False" />
              </lines>
            </method>
            <method name="AndAccumulator" signature="(System.Byte)" line-rate="1" branch-rate="1" complexity="1">
              <lines>
                <line number="577" hits="6" branch="False" />
                <line number="578" hits="6" branch="False" />
                <line number="579" hits="6" branch="False" />
                <line number="580" hits="6" branch="False" />
              </lines>
            </method>
            <method name="Asl" signature="(System.Byte)" line-rate="1" branch-rate="1" complexity="1">
              <lines>
                <line number="583" hits="7" branch="False" />
                <line number="584" hits="7" branch="False" />
                <line number="585" hits="7" branch="False" />
                <line number="586" hits="7" branch="False" />
                <line number="587" hits="7" branch="False" />
                <line number="588" hits="7" branch="False" />
              </lines>
            </method>
            <method name="DecrementMemory" signature="(System.UInt16)" line-rate="1" branch-rate="1" complexity="1">
              <lines>
                <line number="591" hits="5" branch="False" />
                <line number="592" hits="5" branch="False" />
                <line number="593" hits="5" branch="False" />
                <line number="594" hits="5" branch="False" />
                <line number="595" hits="5" branch="False" />
                <line number="596" hits="5" branch="False" />
                <line number="597" hits="5" branch="False" />
              </lines>
            </method>
            <method name="EorAccumulator" signature="(System.Byte)" line-rate="1" branch-rate="1" complexity="1">
              <lines>
                <line number="600" hits="7" branch="False" />
                <line number="601" hits="7" branch="False" />
                <line number="602" hits="7" branch="False" />
              </lines>
            </method>
            <method name="FetchImmediate" signature="()" line-rate="1" branch-rate="1" complexity="1">
              <lines>
                <line number="604" hits="176" branch="False" />
                <line number="605" hits="176" branch="False" />
                <line number="606" hits="176" branch="False" />
                <line number="607" hits="176" branch="False" />
                <line number="608" hits="176" branch="False" />
              </lines>
            </method>
            <method name="AddWithCarryImmediate" signature="()" line-rate="1" branch-rate="1" complexity="1">
              <lines>
                <line number="613" hits="12" branch="False" />
                <line number="614" hits="12" branch="False" />
                <line number="615" hits="12" branch="False" />
              </lines>
            </method>
            <method name="AddWithCarryIndirectY" signature="()" line-rate="1" branch-rate="1" complexity="1">
              <lines>
                <line number="618" hits="1" branch="False" />
                <line number="619" hits="1" branch="False" />
                <line number="620" hits="1" branch="False" />
              </lines>
            </method>
            <method name="AddWithCarryIndirectX" signature="()" line-rate="1" branch-rate="1" complexity="1">
              <lines>
                <line number="623" hits="1" branch="False" />
                <line number="624" hits="1" branch="False" />
                <line number="625" hits="1" branch="False" />
              </lines>
            </method>
            <method name="AddWithCarryAbsoluteY" signature="()" line-rate="1" branch-rate="1" complexity="1">
              <lines>
                <line number="628" hits="1" branch="False" />
                <line number="629" hits="1" branch="False" />
                <line number="630" hits="1" branch="False" />
              </lines>
            </method>
            <method name="AddWithCarryAbsoluteX" signature="()" line-rate="1" branch-rate="1" complexity="1">
              <lines>
                <line number="633" hits="1" branch="False" />
                <line number="634" hits="1" branch="False" />
                <line number="635" hits="1" branch="False" />
              </lines>
            </method>
            <method name="AddWithCarryAbsolute" signature="()" line-rate="1" branch-rate="1" complexity="1">
              <lines>
                <line number="638" hits="1" branch="False" />
                <line number="639" hits="1" branch="False" />
                <line number="640" hits="1" branch="False" />
              </lines>
            </method>
            <method name="AddWithCarryZeroPageX" signature="()" line-rate="1" branch-rate="1" complexity="1">
              <lines>
                <line number="643" hits="1" branch="False" />
                <line number="644" hits="1" branch="False" />
                <line number="645" hits="1" branch="False" />
              </lines>
            </method>
            <method name="AddWithCarryZeroPage" signature="()" line-rate="1" branch-rate="1" complexity="1">
              <lines>
                <line number="648" hits="1" branch="False" />
                <line number="649" hits="1" branch="False" />
                <line number="650" hits="1" branch="False" />
              </lines>
            </method>
            <method name="AndIndirectY" signature="()" line-rate="0" branch-rate="1" complexity="1">
              <lines>
                <line number="653" hits="0" branch="False" />
                <line number="654" hits="0" branch="False" />
                <line number="655" hits="0" branch="False" />
              </lines>
            </method>
            <method name="AndIndirectX" signature="()" line-rate="0" branch-rate="1" complexity="1">
              <lines>
                <line number="658" hits="0" branch="False" />
                <line number="659" hits="0" branch="False" />
                <line number="660" hits="0" branch="False" />
              </lines>
            </method>
            <method name="AndAbsoluteY" signature="()" line-rate="1" branch-rate="1" complexity="1">
              <lines>
                <line number="663" hits="1" branch="False" />
                <line number="664" hits="1" branch="False" />
                <line number="665" hits="1" branch="False" />
              </lines>
            </method>
            <method name="AndAbsoluteX" signature="()" line-rate="1" branch-rate="1" complexity="1">
              <lines>
                <line number="668" hits="1" branch="False" />
                <line number="669" hits="1" branch="False" />
                <line number="670" hits="1" branch="False" />
              </lines>
            </method>
            <method name="AndAbsolute" signature="()" line-rate="1" branch-rate="1" complexity="1">
              <lines>
                <line number="673" hits="1" branch="False" />
                <line number="674" hits="1" branch="False" />
                <line number="675" hits="1" branch="False" />
              </lines>
            </method>
            <method name="AndZeroPageX" signature="()" line-rate="1" branch-rate="1" complexity="1">
              <lines>
                <line number="678" hits="1" branch="False" />
                <line number="679" hits="1" branch="False" />
                <line number="680" hits="1" branch="False" />
              </lines>
            </method>
            <method name="AndZeroPage" signature="()" line-rate="1" branch-rate="1" complexity="1">
              <lines>
                <line number="683" hits="1" branch="False" />
                <line number="684" hits="1" branch="False" />
                <line number="685" hits="1" branch="False" />
              </lines>
            </method>
            <method name="AndImmediate" signature="()" line-rate="1" branch-rate="1" complexity="1">
              <lines>
                <line number="688" hits="1" branch="False" />
                <line number="689" hits="1" branch="False" />
                <line number="690" hits="1" branch="False" />
              </lines>
            </method>
            <method name="AslAbsoluteX" signature="()" line-rate="1" branch-rate="1" complexity="1">
              <lines>
                <line number="692" hits="1" branch="False" />
                <line number="693" hits="1" branch="False" />
                <line number="694" hits="1" branch="False" />
              </lines>
            </method>
            <method name="AslAbsolute" signature="()" line-rate="1" branch-rate="1" complexity="1">
              <lines>
                <line number="697" hits="1" branch="False" />
                <line number="698" hits="1" branch="False" />
                <line number="699" hits="1" branch="False" />
              </lines>
            </method>
            <method name="AslZeroPageX" signature="()" line-rate="1" branch-rate="1" complexity="1">
              <lines>
                <line number="702" hits="1" branch="False" />
                <line number="703" hits="1" branch="False" />
                <line number="704" hits="1" branch="False" />
              </lines>
            </method>
            <method name="AslZeroPage" signature="()" line-rate="1" branch-rate="1" complexity="1">
              <lines>
                <line number="707" hits="1" branch="False" />
                <line number="708" hits="1" branch="False" />
                <line number="709" hits="1" branch="False" />
              </lines>
            </method>
            <method name="AslAccumulator" signature="()" line-rate="1" branch-rate="1" complexity="1">
              <lines>
                <line number="712" hits="3" branch="False" />
                <line number="713" hits="3" branch="False" />
                <line number="714" hits="3" branch="False" />
              </lines>
            </method>
            <method name="BitTestAbsolute" signature="()" line-rate="1" branch-rate="1" complexity="1">
              <lines>
                <line number="716" hits="2" branch="False" />
                <line number="717" hits="2" branch="False" />
                <line number="718" hits="2" branch="False" />
              </lines>
            </method>
            <method name="BitTestZeroPage" signature="()" line-rate="0" branch-rate="1" complexity="1">
              <lines>
                <line number="720" hits="0" branch="False" />
                <line number="721" hits="0" branch="False" />
                <line number="722" hits="0" branch="False" />
              </lines>
            </method>
            <method name="BranchOnCarryClear" signature="()" line-rate="1" branch-rate="1" complexity="1">
              <lines>
                <line number="725" hits="2" branch="False" />
                <line number="726" hits="2" branch="False" />
                <line number="727" hits="2" branch="False" />
              </lines>
            </method>
            <method name="BranchOnCarrySet" signature="()" line-rate="1" branch-rate="1" complexity="1">
              <lines>
                <line number="730" hits="2" branch="False" />
                <line number="731" hits="2" branch="False" />
                <line number="732" hits="2" branch="False" />
              </lines>
            </method>
            <method name="BranchOnOverflowClear" signature="()" line-rate="1" branch-rate="1" complexity="1">
              <lines>
                <line number="734" hits="1" branch="False" />
                <line number="735" hits="1" branch="False" />
                <line number="736" hits="1" branch="False" />
              </lines>
            </method>
            <method name="BranchOnOverflowSet" signature="()" line-rate="1" branch-rate="1" complexity="1">
              <lines>
                <line number="739" hits="1" branch="False" />
                <line number="740" hits="1" branch="False" />
                <line number="741" hits="1" branch="False" />
              </lines>
            </method>
            <method name="BranchEquals" signature="()" line-rate="1" branch-rate="1" complexity="1">
              <lines>
                <line number="743" hits="1" branch="False" />
                <line number="744" hits="1" branch="False" />
                <line number="745" hits="1" branch="False" />
              </lines>
            </method>
            <method name="BranchMinus" signature="()" line-rate="1" branch-rate="1" complexity="1">
              <lines>
                <line number="747" hits="2" branch="False" />
                <line number="748" hits="2" branch="False" />
                <line number="749" hits="2" branch="False" />
              </lines>
            </method>
            <method name="BranchNotEquals" signature="()" line-rate="1" branch-rate="1" complexity="1">
              <lines>
                <line number="751" hits="1" branch="False" />
                <line number="752" hits="1" branch="False" />
                <line number="753" hits="1" branch="False" />
              </lines>
            </method>
            <method name="BranchPositive" signature="()" line-rate="1" branch-rate="1" complexity="1">
              <lines>
                <line number="755" hits="2" branch="False" />
                <line number="756" hits="2" branch="False" />
                <line number="757" hits="2" branch="False" />
              </lines>
            </method>
            <method name="Break" signature="()" line-rate="1" branch-rate="1" complexity="1">
              <lines>
                <line number="760" hits="121" branch="False" />
                <line number="761" hits="121" branch="False" />
                <line number="762" hits="121" branch="False" />
              </lines>
            </method>
            <method name="ClearCarryFlag" signature="()" line-rate="1" branch-rate="1" complexity="1">
              <lines>
                <line number="764" hits="3" branch="False" />
                <line number="765" hits="3" branch="False" />
                <line number="766" hits="3" branch="False" />
              </lines>
            </method>
            <method name="ClearDecimalFlag" signature="()" line-rate="1" branch-rate="1" complexity="1">
              <lines>
                <line number="769" hits="1" branch="False" />
                <line number="770" hits="1" branch="False" />
                <line number="771" hits="1" branch="False" />
              </lines>
            </method>
            <method name="ClearOverflowFlag" signature="()" line-rate="1" branch-rate="1" complexity="1">
              <lines>
                <line number="773" hits="1" branch="False" />
                <line number="774" hits="1" branch="False" />
                <line number="775" hits="1" branch="False" />
              </lines>
            </method>
            <method name="ClearInterruptDisableFlag" signature="()" line-rate="1" branch-rate="1" complexity="1">
              <lines>
                <line number="778" hits="1" branch="False" />
                <line number="779" hits="1" branch="False" />
                <line number="780" hits="1" branch="False" />
              </lines>
            </method>
            <method name="CompareAccumulatorImmediate" signature="()" line-rate="1" branch-rate="1" complexity="1">
              <lines>
                <line number="782" hits="5" branch="False" />
                <line number="783" hits="5" branch="False" />
                <line number="784" hits="5" branch="False" />
              </lines>
            </method>
            <method name="CompareAccumulatorZeroPage" signature="()" line-rate="1" branch-rate="1" complexity="1">
              <lines>
                <line number="787" hits="1" branch="False" />
                <line number="788" hits="1" branch="False" />
                <line number="789" hits="1" branch="False" />
              </lines>
            </method>
            <method name="CompareAccumulatorZeroPageX" signature="()" line-rate="1" branch-rate="1" complexity="1">
              <lines>
                <line number="792" hits="1" branch="False" />
                <line number="793" hits="1" branch="False" />
                <line number="794" hits="1" branch="False" />
              </lines>
            </method>
            <method name="CompareAccumulatorAbsolute" signature="()" line-rate="1" branch-rate="1" complexity="1">
              <lines>
                <line number="797" hits="1" branch="False" />
                <line number="798" hits="1" branch="False" />
                <line number="799" hits="1" branch="False" />
              </lines>
            </method>
            <method name="CompareAccumulatorAbsoluteX" signature="()" line-rate="1" branch-rate="1" complexity="1">
              <lines>
                <line number="802" hits="1" branch="False" />
                <line number="803" hits="1" branch="False" />
                <line number="804" hits="1" branch="False" />
              </lines>
            </method>
            <method name="CompareAccumulatorIndirectX" signature="()" line-rate="1" branch-rate="1" complexity="1">
              <lines>
                <line number="806" hits="1" branch="False" />
                <line number="807" hits="1" branch="False" />
                <line number="808" hits="1" branch="False" />
              </lines>
            </method>
            <method name="CompareAccumulatorIndirectY" signature="()" line-rate="1" branch-rate="1" complexity="1">
              <lines>
                <line number="810" hits="1" branch="False" />
                <line number="811" hits="1" branch="False" />
                <line number="812" hits="1" branch="False" />
              </lines>
            </method>
            <method name="CompareXAbsolute" signature="()" line-rate="1" branch-rate="1" complexity="1">
              <lines>
                <line number="814" hits="1" branch="False" />
                <line number="815" hits="1" branch="False" />
                <line number="816" hits="1" branch="False" />
              </lines>
            </method>
            <method name="CompareXZeroPage" signature="()" line-rate="1" branch-rate="1" complexity="1">
              <lines>
                <line number="819" hits="1" branch="False" />
                <line number="820" hits="1" branch="False" />
                <line number="821" hits="1" branch="False" />
              </lines>
            </method>
            <method name="CompareXImmediate" signature="()" line-rate="1" branch-rate="1" complexity="1">
              <lines>
                <line number="824" hits="3" branch="False" />
                <line number="825" hits="3" branch="False" />
                <line number="826" hits="3" branch="False" />
              </lines>
            </method>
            <method name="CompareYAbsolute" signature="()" line-rate="1" branch-rate="1" complexity="1">
              <lines>
                <line number="829" hits="1" branch="False" />
                <line number="830" hits="1" branch="False" />
                <line number="831" hits="1" branch="False" />
              </lines>
            </method>
            <method name="CompareYZeroPage" signature="()" line-rate="1" branch-rate="1" complexity="1">
              <lines>
                <line number="834" hits="1" branch="False" />
                <line number="835" hits="1" branch="False" />
                <line number="836" hits="1" branch="False" />
              </lines>
            </method>
            <method name="CompareYImmediate" signature="()" line-rate="1" branch-rate="1" complexity="1">
              <lines>
                <line number="839" hits="3" branch="False" />
                <line number="840" hits="3" branch="False" />
                <line number="841" hits="3" branch="False" />
              </lines>
            </method>
            <method name="DecrementZeroPage" signature="()" line-rate="1" branch-rate="1" complexity="1">
              <lines>
                <line number="843" hits="2" branch="False" />
                <line number="844" hits="2" branch="False" />
                <line number="845" hits="2" branch="False" />
              </lines>
            </method>
            <method name="DecrementZeroPageX" signature="()" line-rate="1" branch-rate="1" complexity="1">
              <lines>
                <line number="848" hits="1" branch="False" />
                <line number="849" hits="1" branch="False" />
                <line number="850" hits="1" branch="False" />
              </lines>
            </method>
            <method name="DecrementAbsolute" signature="()" line-rate="1" branch-rate="1" complexity="1">
              <lines>
                <line number="853" hits="1" branch="False" />
                <line number="854" hits="1" branch="False" />
                <line number="855" hits="1" branch="False" />
              </lines>
            </method>
            <method name="DecrementAbsoluteX" signature="()" line-rate="1" branch-rate="1" complexity="1">
              <lines>
                <line number="858" hits="1" branch="False" />
                <line number="859" hits="1" branch="False" />
                <line number="860" hits="1" branch="False" />
              </lines>
            </method>
            <method name="DecrementX" signature="()" line-rate="1" branch-rate="1" complexity="1">
              <lines>
                <line number="863" hits="1" branch="False" />
                <line number="864" hits="1" branch="False" />
                <line number="865" hits="1" branch="False" />
              </lines>
            </method>
            <method name="DecrementY" signature="()" line-rate="1" branch-rate="1" complexity="1">
              <lines>
                <line number="868" hits="1" branch="False" />
                <line number="869" hits="1" branch="False" />
                <line number="870" hits="1" branch="False" />
              </lines>
            </method>
            <method name="EorImmediate" signature="()" line-rate="1" branch-rate="1" complexity="1">
              <lines>
                <line number="872" hits="1" branch="False" />
                <line number="873" hits="1" branch="False" />
                <line number="874" hits="1" branch="False" />
              </lines>
            </method>
            <method name="EorZeroPage" signature="()" line-rate="1" branch-rate="1" complexity="1">
              <lines>
                <line number="877" hits="1" branch="False" />
                <line number="878" hits="1" branch="False" />
                <line number="879" hits="1" branch="False" />
              </lines>
            </method>
            <method name="EorZeroPageX" signature="()" line-rate="1" branch-rate="1" complexity="1">
              <lines>
                <line number="882" hits="1" branch="False" />
                <line number="883" hits="1" branch="False" />
                <line number="884" hits="1" branch="False" />
              </lines>
            </method>
            <method name="EorAbsolute" signature="()" line-rate="1" branch-rate="1" complexity="1">
              <lines>
                <line number="887" hits="1" branch="False" />
                <line number="888" hits="1" branch="False" />
                <line number="889" hits="1" branch="False" />
              </lines>
            </method>
            <method name="EorAbsoluteX" signature="()" line-rate="1" branch-rate="1" complexity="1">
              <lines>
                <line number="892" hits="1" branch="False" />
                <line number="893" hits="1" branch="False" />
                <line number="894" hits="1" branch="False" />
              </lines>
            </method>
            <method name="EorAbsoluteY" signature="()" line-rate="0" branch-rate="1" complexity="1">
              <lines>
                <line number="897" hits="0" branch="False" />
                <line number="898" hits="0" branch="False" />
                <line number="899" hits="0" branch="False" />
              </lines>
            </method>
            <method name="EorIndirectX" signature="()" line-rate="1" branch-rate="1" complexity="1">
              <lines>
                <line number="902" hits="1" branch="False" />
                <line number="903" hits="1" branch="False" />
                <line number="904" hits="1" branch="False" />
              </lines>
            </method>
            <method name="EorIndirectY" signature="()" line-rate="1" branch-rate="1" complexity="1">
              <lines>
                <line number="907" hits="1" branch="False" />
                <line number="908" hits="1" branch="False" />
                <line number="909" hits="1" branch="False" />
              </lines>
            </method>
            <method name="JumpAbsolute" signature="()" line-rate="1" branch-rate="1" complexity="1">
              <lines>
                <line number="912" hits="5" branch="False" />
                <line number="913" hits="5" branch="False" />
                <line number="914" hits="5" branch="False" />
              </lines>
            </method>
            <method name="JumpIndirect" signature="()" line-rate="1" branch-rate="1" complexity="1">
              <lines>
                <line number="916" hits="1" branch="False" />
                <line number="917" hits="1" branch="False" />
                <line number="918" hits="1" branch="False" />
              </lines>
            </method>
            <method name="JumpToSubroutine" signature="()" line-rate="1" branch-rate="1" complexity="1">
              <lines>
                <line number="920" hits="2" branch="False" />
                <line number="921" hits="2" branch="False" />
                <line number="922" hits="2" branch="False" />
                <line number="923" hits="2" branch="False" />
                <line number="924" hits="2" branch="False" />
              </lines>
            </method>
            <method name="LoadAccumulatorImmediate" signature="()" line-rate="1" branch-rate="1" complexity="1">
              <lines>
                <line number="926" hits="82" branch="False" />
                <line number="927" hits="82" branch="False" />
                <line number="928" hits="82" branch="False" />
              </lines>
            </method>
            <method name="LoadAccumulatorZeroPage" signature="()" line-rate="1" branch-rate="1" complexity="1">
              <lines>
                <line number="931" hits="8" branch="False" />
                <line number="932" hits="8" branch="False" />
                <line number="933" hits="8" branch="False" />
              </lines>
            </method>
            <method name="LoadAccumulatorZeroPageX" signature="()" line-rate="1" branch-rate="1" complexity="1">
              <lines>
                <line number="936" hits="1" branch="False" />
                <line number="937" hits="1" branch="False" />
                <line number="938" hits="1" branch="False" />
              </lines>
            </method>
            <method name="LoadAccumulatorAbsolute" signature="()" line-rate="1" branch-rate="1" complexity="1">
              <lines>
                <line number="941" hits="4" branch="False" />
                <line number="942" hits="4" branch="False" />
                <line number="943" hits="4" branch="False" />
              </lines>
            </method>
            <method name="LoadAccumulatorAbsoluteX" signature="()" line-rate="1" branch-rate="1" complexity="1">
              <lines>
                <line number="946" hits="2" branch="False" />
                <line number="947" hits="2" branch="False" />
                <line number="948" hits="2" branch="False" />
              </lines>
            </method>
            <method name="LoadAccumulatorIndirectX" signature="()" line-rate="1" branch-rate="1" complexity="1">
              <lines>
                <line number="951" hits="1" branch="False" />
                <line number="952" hits="1" branch="False" />
                <line number="953" hits="1" branch="False" />
              </lines>
            </method>
            <method name="LoadAccumulatorIndirectY" signature="()" line-rate="1" branch-rate="1" complexity="1">
              <lines>
                <line number="956" hits="1" branch="False" />
                <line number="957" hits="1" branch="False" />
                <line number="958" hits="1" branch="False" />
              </lines>
            </method>
            <method name="LoadXImmediate" signature="()" line-rate="1" branch-rate="1" complexity="1">
              <lines>
                <line number="960" hits="38" branch="False" />
                <line number="961" hits="38" branch="False" />
                <line number="962" hits="38" branch="False" />
              </lines>
            </method>
            <method name="LoadXZeroPage" signature="()" line-rate="1" branch-rate="1" complexity="1">
              <lines>
                <line number="964" hits="1" branch="False" />
                <line number="965" hits="1" branch="False" />
                <line number="966" hits="1" branch="False" />
              </lines>
            </method>
            <method name="LoadXZeroPageY" signature="()" line-rate="1" branch-rate="1" complexity="1">
              <lines>
                <line number="968" hits="1" branch="False" />
                <line number="969" hits="1" branch="False" />
                <line number="970" hits="1" branch="False" />
              </lines>
            </method>
            <method name="LoadXAbsolute" signature="()" line-rate="1" branch-rate="1" complexity="1">
              <lines>
                <line number="972" hits="3" branch="False" />
                <line number="973" hits="3" branch="False" />
                <line number="974" hits="3" branch="False" />
              </lines>
            </method>
            <method name="LoadXAbsoluteY" signature="()" line-rate="1" branch-rate="1" complexity="1">
              <lines>
                <line number="977" hits="1" branch="False" />
                <line number="978" hits="1" branch="False" />
                <line number="979" hits="1" branch="False" />
              </lines>
            </method>
            <method name="LoadYImmediate" signature="()" line-rate="1" branch-rate="1" complexity="1">
              <lines>
                <line number="981" hits="31" branch="False" />
                <line number="982" hits="31" branch="False" />
                <line number="983" hits="31" branch="False" />
              </lines>
            </method>
            <method name="LoadYZeroPage" signature="()" line-rate="1" branch-rate="1" complexity="1">
              <lines>
                <line number="985" hits="1" branch="False" />
                <line number="986" hits="1" branch="False" />
                <line number="987" hits="1" branch="False" />
              </lines>
            </method>
            <method name="LoadYZeroPageX" signature="()" line-rate="1" branch-rate="1" complexity="1">
              <lines>
                <line number="989" hits="1" branch="False" />
                <line number="990" hits="1" branch="False" />
                <line number="991" hits="1" branch="False" />
              </lines>
            </method>
            <method name="LoadYAbsolute" signature="()" line-rate="1" branch-rate="1" complexity="1">
              <lines>
                <line number="993" hits="6" branch="False" />
                <line number="994" hits="6" branch="False" />
                <line number="995" hits="6" branch="False" />
              </lines>
            </method>
            <method name="LoadYAbsoluteX" signature="()" line-rate="1" branch-rate="1" complexity="1">
              <lines>
                <line number="997" hits="1" branch="False" />
                <line number="998" hits="1" branch="False" />
                <line number="999" hits="1" branch="False" />
              </lines>
            </method>
            <method name="NoOperation" signature="()" line-rate="1" branch-rate="1" complexity="1">
              <lines>
                <line number="1001" hits="3" branch="False" />
                <line number="1003" hits="3" branch="False" />
              </lines>
            </method>
            <method name="PushAccumulator" signature="()" line-rate="1" branch-rate="1" complexity="1">
              <lines>
                <line number="1005" hits="2" branch="False" />
                <line number="1006" hits="2" branch="False" />
                <line number="1007" hits="2" branch="False" />
              </lines>
            </method>
            <method name="PushProcessorStatus" signature="()" line-rate="1" branch-rate="1" complexity="1">
              <lines>
                <line number="1009" hits="1" branch="False" />
                <line number="1010" hits="1" branch="False" />
                <line number="1011" hits="1" branch="False" />
              </lines>
            </method>
            <method name="PullAccumulator" signature="()" line-rate="1" branch-rate="1" complexity="1">
              <lines>
                <line number="1013" hits="1" branch="False" />
                <line number="1014" hits="1" branch="False" />
                <line number="1015" hits="1" branch="False" />
              </lines>
            </method>
            <method name="PullProcessorStatus" signature="()" line-rate="0" branch-rate="1" complexity="1">
              <lines>
                <line number="1017" hits="0" branch="False" />
                <line number="1018" hits="0" branch="False" />
                <line number="1019" hits="0" branch="False" />
              </lines>
            </method>
            <method name="ReturnFromSubroutine" signature="()" line-rate="1" branch-rate="1" complexity="1">
              <lines>
                <line number="1021" hits="1" branch="False" />
                <line number="1022" hits="1" branch="False" />
                <line number="1023" hits="1" branch="False" />
                <line number="1024" hits="1" branch="False" />
              </lines>
            </method>
            <method name="SetCarryFlag" signature="()" line-rate="1" branch-rate="1" complexity="1">
              <lines>
                <line number="1026" hits="4" branch="False" />
                <line number="1027" hits="4" branch="False" />
                <line number="1028" hits="4" branch="False" />
              </lines>
            </method>
            <method name="SetDecimalFlag" signature="()" line-rate="1" branch-rate="1" complexity="1">
              <lines>
                <line number="1030" hits="2" branch="False" />
                <line number="1031" hits="2" branch="False" />
                <line number="1032" hits="2" branch="False" />
              </lines>
            </method>
            <method name="SetInterruptDisableFlag" signature="()" line-rate="1" branch-rate="1" complexity="1">
              <lines>
                <line number="1034" hits="2" branch="False" />
                <line number="1035" hits="2" branch="False" />
                <line number="1036" hits="2" branch="False" />
              </lines>
            </method>
            <method name="StoreAccumulatorAbsolute" signature="()" line-rate="1" branch-rate="1" complexity="1">
              <lines>
                <line number="1039" hits="1" branch="False" />
                <line number="1040" hits="1" branch="False" />
                <line number="1041" hits="1" branch="False" />
              </lines>
            </method>
            <method name="StoreAccumulatorZeroPage" signature="()" line-rate="0" branch-rate="1" complexity="1">
              <lines>
                <line number="1043" hits="0" branch="False" />
                <line number="1044" hits="0" branch="False" />
                <line number="1045" hits="0" branch="False" />
              </lines>
            </method>
            <method name="StoreAccumulatorZeroPageX" signature="()" line-rate="0" branch-rate="1" complexity="1">
              <lines>
                <line number="1047" hits="0" branch="False" />
                <line number="1048" hits="0" branch="False" />
                <line number="1049" hits="0" branch="False" />
              </lines>
            </method>
            <method name="StoreAccumulatorAbsoluteX" signature="()" line-rate="1" branch-rate="1" complexity="1">
              <lines>
                <line number="1051" hits="1" branch="False" />
                <line number="1052" hits="1" branch="False" />
                <line number="1053" hits="1" branch="False" />
              </lines>
            </method>
            <method name="StoreAccumulatorAbsoluteY" signature="()" line-rate="1" branch-rate="1" complexity="1">
              <lines>
                <line number="1055" hits="1" branch="False" />
                <line number="1056" hits="1" branch="False" />
                <line number="1057" hits="1" branch="False" />
              </lines>
[...]
            <line number="41" hits="414" branch="False" />
            <line number="42" hits="414" branch="False" />
            <line number="44" hits="49" branch="False" />
            <line number="45" hits="49" branch="False" />
            <line number="46" hits="49" branch="False" />
            <line number="49" hits="231" branch="False" />
            <line number="50" hits="231" branch="False" />
            <line number="51" hits="231" branch="False" />
            <line number="54" hits="63" branch="False" />
            <line number="55" hits="63" branch="False" />
            <line number="56" hits="63" branch="False" />
            <line number="57" hits="63" branch="False" />
            <line number="58" hits="63" branch="False" />
            <line number="59" hits="63" branch="False" />
            <line number="62" hits="48" branch="False" />
            <line number="63" hits="48" branch="False" />
            <line number="64" hits="48" branch="False" />
            <line number="67" hits="0" branch="False" />
            <line number="68" hits="0" branch="False" />
            <line number="69" hits="0" branch="False" />
            <line number="70" hits="0" branch="False" />
            <line number="71" hits="0" branch="False" />
            <line number="72" hits="0" branch="False" />
            <line number="75" hits="0" branch="False" />
            <line number="76" hits="0" branch="False" />
            <line number="77" hits="0" branch="False" />
            <line number="78" hits="0" branch="False" />
            <line number="81" hits="20" branch="False" />
            <line number="82" hits="20" branch="False" />
            <line number="83" hits="20" branch="False" />
            <line number="84" hits="20" branch="False" />
            <line number="87" hits="2" branch="False" />
            <line number="88" hits="2" branch="False" />
            <line number="89" hits="2" branch="False" />
            <line number="90" hits="2" branch="False" />
            <line number="93" hits="773" branch="False" />
            <line number="94" hits="773" branch="True" condition-coverage="100% (2/2)">
              <conditions>
                <condition number="12" type="jump" coverage="100%" />
              </conditions>
            </line>
            <line number="95" hits="20" branch="False" />
            <line number="96" hits="20" branch="True" condition-coverage="50% (1/2)">
              <conditions>
                <condition number="29" type="jump" coverage="50%" />
              </conditions>
            </line>
            <line number="97" hits="0" branch="False" />
            <line number="98" hits="0" branch="False" />
            <line number="99" hits="0" branch="False" />
            <line number="101" hits="20" branch="False" />
            <line number="102" hits="20" branch="False" />
            <line number="103" hits="20" branch="False" />
            <line number="104" hits="20" branch="False" />
            <line number="105" hits="773" branch="False" />
            <line number="108" hits="0" branch="False" />
            <line number="109" hits="0" branch="False" />
            <line number="110" hits="0" branch="False" />
            <line number="113" hits="20" branch="False" />
            <line number="114" hits="104" branch="True" condition-coverage="100% (2/2)">
              <conditions>
                <condition number="133" type="jump" coverage="100%" />
              </conditions>
            </line>
            <line number="115" hits="22" branch="False" />
            <line number="116" hits="22" branch="True" condition-coverage="50% (1/2)">
              <conditions>
                <condition number="45" type="jump" coverage="50%" />
              </conditions>
            </line>
            <line number="117" hits="22" branch="False" />
            <line number="118" hits="22" branch="False" />
            <line number="119" hits="22" branch="False" />
            <line number="121" hits="0" branch="False" />
            <line number="122" hits="0" branch="False" />
            <line number="123" hits="0" branch="False" />
            <line number="124" hits="22" branch="False" />
            <line number="126" hits="20" branch="False" />
            <line number="127" hits="20" branch="False" />
            <line number="13" hits="120" branch="False" />
            <line number="14" hits="120" branch="False" />
            <line number="15" hits="120" branch="False" />
            <line number="16" hits="120" branch="False" />
            <line number="17" hits="120" branch="False" />
            <line number="18" hits="120" branch="False" />
            <line number="19" hits="120" branch="False" />
          </lines>
        </class>
        <class name="_6502.MemoryMappedDisplay" filename="MemoryMappedDisplay.cs" line-rate="1" branch-rate="1" complexity="10">
          <methods>
            <method name="get_CanRead" signature="()" line-rate="1" branch-rate="1" complexity="1">
              <lines>
                <line number="8" hits="7" branch="False" />
              </lines>
            </method>
            <method name="get_CanWrite" signature="()" line-rate="1" branch-rate="1" complexity="1">
              <lines>
                <line number="9" hits="7" branch="False" />
              </lines>
            </method>
            <method name="get_StartAddress" signature="()" line-rate="1" branch-rate="1" complexity="1">
              <lines>
                <line number="10" hits="356" branch="False" />
              </lines>
            </method>
            <method name="get_Size" signature="()" line-rate="1" branch-rate="1" complexity="1">
              <lines>
                <line number="11" hits="9597" branch="False" />
              </lines>
            </method>
            <method name="Write" signature="(System.UInt16,System.Byte)" line-rate="1" branch-rate="1" complexity="1">
              <lines>
                <line number="23" hits="7" branch="False" />
                <line number="25" hits="7" branch="False" />
                <line number="26" hits="7" branch="False" />
                <line number="27" hits="7" branch="False" />
                <line number="28" hits="7" branch="False" />
              </lines>
            </method>
            <method name="Read" signature="(System.UInt16)" line-rate="1" branch-rate="1" complexity="1">
              <lines>
                <line number="31" hits="7" branch="False" />
                <line number="33" hits="7" branch="False" />
                <line number="34" hits="7" branch="False" />
                <line number="35" hits="7" branch="False" />
              </lines>
            </method>
            <method name="Render" signature="()" line-rate="1" branch-rate="1" complexity="1">
              <lines>
                <line number="38" hits="7" branch="False" />
                <line number="39" hits="7" branch="False" />
                <line number="40" hits="7" branch="False" />
              </lines>
            </method>
            <method name="Clear" signature="()" line-rate="1" branch-rate="1" complexity="2">
              <lines>
                <line number="43" hits="114" branch="False" />
                <line number="44" hits="9348" branch="True" condition-coverage="100% (2/2)">
                  <conditions>
                    <condition number="34" type="jump" coverage="100%" />
                  </conditions>
                </line>
                <line number="45" hits="4560" branch="False" />
                <line number="46" hits="4560" branch="False" />
                <line number="47" hits="4560" branch="False" />
                <line number="48" hits="114" branch="False" />
              </lines>
            </method>
            <method name=".ctor" signature="(System.UInt16,System.UInt32)" line-rate="1" branch-rate="1" complexity="1">
              <lines>
                <line number="14" hits="114" branch="False" />
                <line number="15" hits="114" branch="False" />
                <line number="16" hits="114" branch="False" />
                <line number="17" hits="114" branch="False" />
                <line number="18" hits="114" branch="False" />
                <line number="19" hits="114" branch="False" />
                <line number="20" hits="114" branch="False" />
              </lines>
            </method>
          </methods>
          <lines>
            <line number="8" hits="7" branch="False" />
            <line number="9" hits="7" branch="False" />
            <line number="10" hits="356" branch="False" />
            <line number="11" hits="9597" branch="False" />
            <line number="23" hits="7" branch="False" />
            <line number="25" hits="7" branch="False" />
            <line number="26" hits="7" branch="False" />
            <line number="27" hits="7" branch="False" />
            <line number="28" hits="7" branch="False" />
            <line number="31" hits="7" branch="False" />
            <line number="33" hits="7" branch="False" />
            <line number="34" hits="7" branch="False" />
            <line number="35" hits="7" branch="False" />
            <line number="38" hits="7" branch="False" />
            <line number="39" hits="7" branch="False" />
            <line number="40" hits="7" branch="False" />
            <line number="43" hits="114" branch="False" />
            <line number="44" hits="9348" branch="True" condition-coverage="100% (2/2)">
              <conditions>
                <condition number="34" type="jump" coverage="100%" />
              </conditions>
            </line>
            <line number="45" hits="4560" branch="False" />
            <line number="46" hits="4560" branch="False" />
            <line number="47" hits="4560" branch="False" />
            <line number="48" hits="114" branch="False" />
            <line number="14" hits="114" branch="False" />
            <line number="15" hits="114" branch="False" />
            <line number="16" hits="114" branch="False" />
            <line number="17" hits="114" branch="False" />
            <line number="18" hits="114" branch="False" />
            <line number="19" hits="114" branch="False" />
            <line number="20" hits="114" branch="False" />
          </lines>
        </class>
        <class name="_6502.Ram" filename="Ram.cs" line-rate="1" branch-rate="1" complexity="7">
          <methods>
            <method name="get_CanRead" signature="()" line-rate="1" branch-rate="1" complexity="1">
              <lines>
                <line number="8" hits="1085" branch="False" />
              </lines>
            </method>
            <method name="get_CanWrite" signature="()" line-rate="1" branch-rate="1" complexity="1">
              <lines>
                <line number="9" hits="1124" branch="False" />
              </lines>
            </method>
            <method name="get_StartAddress" signature="()" line-rate="1" branch-rate="1" complexity="1">
              <lines>
                <line number="10" hits="2551" branch="False" />
              </lines>
            </method>
            <method name="get_Size" signature="()" line-rate="1" branch-rate="1" complexity="1">
              <lines>
                <line number="11" hits="7473655" branch="False" />
              </lines>
            </method>
            <method name="Write" signature="(System.UInt16,System.Byte)" line-rate="1" branch-rate="1" complexity="1">
              <lines>
                <line number="23" hits="1124" branch="False" />
                <line number="25" hits="1124" branch="False" />
                <line number="26" hits="1124" branch="False" />
                <line number="27" hits="1124" branch="False" />
              </lines>
            </method>
            <method name="Read" signature="(System.UInt16)" line-rate="1" branch-rate="1" complexity="1">
              <lines>
                <line number="30" hits="1085" branch="False" />
                <line number="32" hits="1085" branch="False" />
                <line number="33" hits="1085" branch="False" />
                <line number="34" hits="1085" branch="False" />
              </lines>
            </method>
            <method name=".ctor" signature="(System.UInt16,System.UInt32)" line-rate="1" branch-rate="1" complexity="1">
              <lines>
                <line number="14" hits="114" branch="False" />
                <line number="15" hits="114" branch="False" />
                <line number="16" hits="114" branch="False" />
                <line number="17" hits="114" branch="False" />
                <line number="18" hits="114" branch="False" />
                <line number="19" hits="114" branch="False" />
                <line number="20" hits="114" branch="False" />
              </lines>
            </method>
          </methods>
          <lines>
            <line number="8" hits="1085" branch="False" />
            <line number="9" hits="1124" branch="False" />
            <line number="10" hits="2551" branch="False" />
            <line number="11" hits="7473655" branch="False" />
            <line number="23" hits="1124" branch="False" />
            <line number="25" hits="1124" branch="False" />
            <line number="26" hits="1124" branch="False" />
            <line number="27" hits="1124" branch="False" />
            <line number="30" hits="1085" branch="False" />
            <line number="32" hits="1085" branch="False" />
            <line number="33" hits="1085" branch="False" />
            <line number="34" hits="1085" branch="False" />
            <line number="14" hits="114" branch="False" />
            <line number="15" hits="114" branch="False" />
            <line number="16" hits="114" branch="False" />
            <line number="17" hits="114" branch="False" />
            <line number="18" hits="114" branch="False" />
            <line number="19" hits="114" branch="False" />
            <line number="20" hits="114" branch="False" />
          </lines>
        </class>
        <class name="_6502.Rom" filename="Rom.cs" line-rate="0" branch-rate="0" complexity="10">
          <methods>
            <method name="get_CanRead" signature="()" line-rate="0" branch-rate="1" complexity="1">
              <lines>
                <line number="9" hits="0" branch="False" />
              </lines>
            </method>
            <method name="get_CanWrite" signature="()" line-rate="0" branch-rate="1" complexity="1">
              <lines>
                <line number="10" hits="0" branch="False" />
              </lines>
            </method>
            <method name="get_StartAddress" signature="()" line-rate="0" branch-rate="1" complexity="1">
              <lines>
                <line number="11" hits="0" branch="False" />
              </lines>
            </method>
            <method name="get_Size" signature="()" line-rate="0" branch-rate="1" complexity="1">
              <lines>
                <line number="12" hits="0" branch="False" />
              </lines>
            </method>
            <method name="Write" signature="(System.UInt16,System.Byte)" line-rate="0" branch-rate="1" complexity="1">
              <lines>
                <line number="24" hits="0" branch="False" />
                <line number="26" hits="0" branch="False" />
                <line number="28" hits="0" branch="False" />
              </lines>
            </method>
            <method name="Read" signature="(System.UInt16)" line-rate="0" branch-rate="1" complexity="1">
              <lines>
                <line number="31" hits="0" branch="False" />
                <line number="33" hits="0" branch="False" />
                <line number="34" hits="0" branch="False" />
                <line number="35" hits="0" branch="False" />
              </lines>
            </method>
            <method name="Erase" signature="()" line-rate="0" branch-rate="0" complexity="2">
              <lines>
                <line number="38" hits="0" branch="False" />
                <line number="39" hits="0" branch="True" condition-coverage="0% (0/2)">
                  <conditions>
                    <condition number="33" type="jump" coverage="0%" />
                  </conditions>
                </line>
                <line number="40" hits="0" branch="False" />
                <line number="41" hits="0" branch="False" />
                <line number="42" hits="0" branch="False" />
                <line number="44" hits="0" branch="False" />
                <line number="45" hits="0" branch="False" />
              </lines>
            </method>
            <method name="Burn" signature="(System.Byte[],System.UInt16)" line-rate="0" branch-rate="1" complexity="1">
              <lines>
                <line number="48" hits="0" branch="False" />
                <line number="49" hits="0" branch="False" />
                <line number="51" hits="0" branch="False" />
                <line number="53" hits="0" branch="False" />
                <line number="54" hits="0" branch="False" />
              </lines>
            </method>
            <method name=".ctor" signature="(System.UInt16,System.UInt32)" line-rate="0" branch-rate="1" complexity="1">
              <lines>
                <line number="8" hits="0" branch="False" />
                <line number="15" hits="0" branch="False" />
                <line number="16" hits="0" branch="False" />
                <line number="17" hits="0" branch="False" />
                <line number="18" hits="0" branch="False" />
                <line number="19" hits="0" branch="False" />
                <line number="20" hits="0" branch="False" />
                <line number="21" hits="0" branch="False" />
              </lines>
            </method>
          </methods>
          <lines>
            <line number="9" hits="0" branch="False" />
            <line number="10" hits="0" branch="False" />
            <line number="11" hits="0" branch="False" />
            <line number="12" hits="0" branch="False" />
            <line number="24" hits="0" branch="False" />
            <line number="26" hits="0" branch="False" />
            <line number="28" hits="0" branch="False" />
            <line number="31" hits="0" branch="False" />
            <line number="33" hits="0" branch="False" />
            <line number="34" hits="0" branch="False" />
            <line number="35" hits="0" branch="False" />
            <line number="38" hits="0" branch="False" />
            <line number="39" hits="0" branch="True" condition-coverage="0% (0/2)">
              <conditions>
                <condition number="33" type="jump" coverage="0%" />
              </conditions>
            </line>
            <line number="40" hits="0" branch="False" />
            <line number="41" hits="0" branch="False" />
            <line number="42" hits="0" branch="False" />
            <line number="44" hits="0" branch="False" />
            <line number="45" hits="0" branch="False" />
            <line number="48" hits="0" branch="False" />
            <line number="49" hits="0" branch="False" />
            <line number="51" hits="0" branch="False" />
            <line number="53" hits="0" branch="False" />
            <line number="54" hits="0" branch="False" />
            <line number="8" hits="0" branch="False" />
            <line number="15" hits="0" branch="False" />
            <line number="16" hits="0" branch="False" />
            <line number="17" hits="0" branch="False" />
            <line number="18" hits="0" branch="False" />
            <line number="19" hits="0" branch="False" />
            <line number="20" hits="0" branch="False" />
            <line number="21" hits="0" branch="False" />
          </lines>
        </class>
      </classes>
    </package>
  </packages>
</coverage>