<?xml version="1.0" encoding="utf-8"?>
<coverage line-rate="0.9070999999999999" branch-rate="0.909" version="1.9" timestamp="1612038920" lines-covered="1065" lines-valid="1174" branches-covered="80" branches-valid="88">
  <sources>
    <source>/Users/steve/Projects/ComputerEmulator/Cpu/6502/</source>
  </sources>
  <packages>
    <package name="6502" line-rate="0.9070999999999999" branch-rate="0.909" complexity="326">
      <classes>
        <class name="_6502.AddressMap" filename="AddressMap.cs" line-rate="0.9" branch-rate="0.7" complexity="18">
          <methods>
            <method name="get_CanRead" signature="()" line-rate="0" branch-rate="1" complexity="1">
              <lines>
                <line number="7" hits="0" branch="False" />
              </lines>
            </method>
            <method name="get_CanWrite" signature="()" line-rate="0" branch-rate="1" complexity="1">
              <lines>
                <line number="9" hits="0" branch="False" />
              </lines>
            </method>
            <method name="get_StartAddress" signature="()" line-rate="0" branch-rate="1" complexity="1">
              <lines>
                <line number="11" hits="0" branch="False" />
              </lines>
            </method>
            <method name="get_Size" signature="()" line-rate="1" branch-rate="1" complexity="1">
              <lines>
                <line number="13" hits="880" branch="False" />
              </lines>
            </method>
            <method name="Install" signature="(_6502.IAddressAssignment)" line-rate="1" branch-rate="1" complexity="2">
              <lines>
                <line number="18" hits="342" branch="False" />
                <line number="19" hits="342" branch="False" />
                <line number="21" hits="342" branch="False" />
                <line number="22" hits="22427676" branch="True" condition-coverage="100% (2/2)">
                  <conditions>
                    <condition number="75" type="jump" coverage="100%" />
                  </conditions>
                </line>
                <line number="23" hits="11213496" branch="False" />
                <line number="24" hits="11213496" branch="False" />
                <line number="25" hits="11213496" branch="False" />
                <line number="26" hits="342" branch="False" />
              </lines>
            </method>
            <method name="Load" signature="(System.UInt16)" line-rate="1" branch-rate="1" complexity="1">
              <lines>
                <line number="29" hits="177" branch="False" />
                <line number="30" hits="177" branch="False" />
                <line number="31" hits="177" branch="False" />
              </lines>
            </method>
            <method name="Read" signature="(System.UInt16)" line-rate="0.8571" branch-rate="0.5" complexity="4">
              <lines>
                <line number="34" hits="2114" branch="False" />
                <line number="35" hits="2114" branch="False" />
                <line number="37" hits="2114" branch="True" condition-coverage="50% (2/4)">
                  <conditions>
                    <condition number="11" type="jump" coverage="50%" />
                    <condition number="24" type="jump" coverage="50%" />
                  </conditions>
                </line>
                <line number="38" hits="2114" branch="False" />
                <line number="39" hits="2114" branch="False" />
                <line number="42" hits="0" branch="False" />
                <line number="43" hits="2114" branch="False" />
              </lines>
            </method>
            <method name="Write" signature="(System.UInt16,System.Byte)" line-rate="1" branch-rate="0.75" complexity="4">
              <lines>
                <line number="46" hits="2031" branch="False" />
                <line number="47" hits="2031" branch="False" />
                <line number="49" hits="2031" branch="True" condition-coverage="75% (3/4)">
                  <conditions>
                    <condition number="11" type="jump" coverage="50%" />
                    <condition number="24" type="jump" coverage="100%" />
                  </conditions>
                </line>
                <line number="50" hits="2031" branch="False" />
                <line number="51" hits="2031" branch="False" />
                <line number="52" hits="2031" branch="False" />
                <line number="54" hits="2031" branch="False" />
                <line number="55" hits="2031" branch="False" />
              </lines>
            </method>
            <method name="WriteWord" signature="(System.UInt16,System.UInt16)" line-rate="1" branch-rate="1" complexity="1">
              <lines>
                <line number="58" hits="343" branch="False" />
                <line number="59" hits="343" branch="False" />
                <line number="60" hits="343" branch="False" />
                <line number="61" hits="343" branch="False" />
                <line number="62" hits="343" branch="False" />
              </lines>
            </method>
            <method name="ReadWord" signature="(System.UInt16)" line-rate="1" branch-rate="1" complexity="1">
              <lines>
                <line number="65" hits="195" branch="False" />
                <line number="66" hits="195" branch="False" />
                <line number="67" hits="195" branch="False" />
                <line number="68" hits="195" branch="False" />
              </lines>
            </method>
            <method name=".ctor" signature="()" line-rate="1" branch-rate="1" complexity="1">
              <lines>
                <line number="15" hits="171" branch="False" />
              </lines>
            </method>
          </methods>
          <lines>
            <line number="7" hits="0" branch="False" />
            <line number="9" hits="0" branch="False" />
            <line number="11" hits="0" branch="False" />
            <line number="13" hits="880" branch="False" />
            <line number="18" hits="342" branch="False" />
            <line number="19" hits="342" branch="False" />
            <line number="21" hits="342" branch="False" />
            <line number="22" hits="22427676" branch="True" condition-coverage="100% (2/2)">
              <conditions>
                <condition number="75" type="jump" coverage="100%" />
              </conditions>
            </line>
            <line number="23" hits="11213496" branch="False" />
            <line number="24" hits="11213496" branch="False" />
            <line number="25" hits="11213496" branch="False" />
            <line number="26" hits="342" branch="False" />
            <line number="29" hits="177" branch="False" />
            <line number="30" hits="177" branch="False" />
            <line number="31" hits="177" branch="False" />
            <line number="34" hits="2114" branch="False" />
            <line number="35" hits="2114" branch="False" />
            <line number="37" hits="2114" branch="True" condition-coverage="50% (2/4)">
              <conditions>
                <condition number="11" type="jump" coverage="50%" />
                <condition number="24" type="jump" coverage="50%" />
              </conditions>
            </line>
            <line number="38" hits="2114" branch="False" />
            <line number="39" hits="2114" branch="False" />
            <line number="42" hits="0" branch="False" />
            <line number="43" hits="2114" branch="False" />
            <line number="46" hits="2031" branch="False" />
            <line number="47" hits="2031" branch="False" />
            <line number="49" hits="2031" branch="True" condition-coverage="75% (3/4)">
              <conditions>
                <condition number="11" type="jump" coverage="50%" />
                <condition number="24" type="jump" coverage="100%" />
              </conditions>
            </line>
            <line number="50" hits="2031" branch="False" />
            <line number="51" hits="2031" branch="False" />
            <line number="52" hits="2031" branch="False" />
            <line number="54" hits="2031" branch="False" />
            <line number="55" hits="2031" branch="False" />
            <line number="58" hits="343" branch="False" />
            <line number="59" hits="343" branch="False" />
            <line number="60" hits="343" branch="False" />
            <line number="61" hits="343" branch="False" />
            <line number="62" hits="343" branch="False" />
            <line number="65" hits="195" branch="False" />
            <line number="66" hits="195" branch="False" />
            <line number="67" hits="195" branch="False" />
            <line number="68" hits="195" branch="False" />
            <line number="15" hits="171" branch="False" />
          </lines>
        </class>
        <class name="_6502.BitwiseExtensions" filename="BitwiseExtensions.cs" line-rate="1" branch-rate="1" complexity="5">
          <methods>
            <method name="Lsb" signature="(System.UInt16)" line-rate="1" branch-rate="1" complexity="1">
              <lines>
                <line number="8" hits="130" branch="False" />
                <line number="9" hits="130" branch="False" />
                <line number="10" hits="130" branch="False" />
              </lines>
            </method>
            <method name="Msb" signature="(System.UInt16)" line-rate="1" branch-rate="1" complexity="1">
              <lines>
                <line number="13" hits="130" branch="False" />
                <line number="14" hits="130" branch="False" />
                <line number="15" hits="130" branch="False" />
              </lines>
            </method>
            <method name="UshortFromBytes" signature="(System.Byte,System.Byte)" line-rate="1" branch-rate="1" complexity="1">
              <lines>
                <line number="18" hits="2" branch="False" />
                <line number="19" hits="2" branch="False" />
                <line number="20" hits="2" branch="False" />
              </lines>
            </method>
            <method name="Bit" signature="(System.Byte,System.Int32)" line-rate="1" branch-rate="1" complexity="2">
              <lines>
                <line number="23" hits="304" branch="False" />
                <line number="24" hits="304" branch="False" />
                <line number="26" hits="304" branch="True" condition-coverage="100% (2/2)">
                  <conditions>
                    <condition number="22" type="jump" coverage="100%" />
                  </conditions>
                </line>
                <line number="27" hits="304" branch="False" />
              </lines>
            </method>
          </methods>
          <lines>
            <line number="8" hits="130" branch="False" />
            <line number="9" hits="130" branch="False" />
            <line number="10" hits="130" branch="False" />
            <line number="13" hits="130" branch="False" />
            <line number="14" hits="130" branch="False" />
            <line number="15" hits="130" branch="False" />
            <line number="18" hits="2" branch="False" />
            <line number="19" hits="2" branch="False" />
            <line number="20" hits="2" branch="False" />
            <line number="23" hits="304" branch="False" />
            <line number="24" hits="304" branch="False" />
            <line number="26" hits="304" branch="True" condition-coverage="100% (2/2)">
              <conditions>
                <condition number="22" type="jump" coverage="100%" />
              </conditions>
            </line>
            <line number="27" hits="304" branch="False" />
          </lines>
        </class>
        <class name="_6502.CPU6502" filename="CPU6502.cs" line-rate="0.9439" branch-rate="0.9704999999999999" complexity="222">
          <methods>
            <method name="get_DebugLevel" signature="()" line-rate="1" branch-rate="1" complexity="1">
              <lines>
                <line number="171" hits="1691" branch="False" />
              </lines>
            </method>
            <method name="get_EmulationErrorsCount" signature="()" line-rate="1" branch-rate="1" complexity="1">
              <lines>
                <line number="173" hits="181" branch="False" />
              </lines>
            </method>
            <method name="get_HaltReason" signature="()" line-rate="1" branch-rate="1" complexity="1">
              <lines>
                <line number="174" hits="357" branch="False" />
              </lines>
            </method>
            <method name="Log" signature="(_6502.DebugLevel,System.String)" line-rate="1" branch-rate="1" complexity="2">
              <lines>
                <line number="183" hits="1349" branch="False" />
                <line number="184" hits="1349" branch="True" condition-coverage="100% (2/2)">
                  <conditions>
                    <condition number="15" type="jump" coverage="100%" />
                  </conditions>
                </line>
                <line number="185" hits="1349" branch="False" />
                <line number="186" hits="1349" branch="False" />
                <line number="187" hits="1349" branch="False" />
                <line number="188" hits="1349" branch="False" />
                <line number="189" hits="1349" branch="False" />
              </lines>
            </method>
            <method name="StartLogInstruction" signature="(System.UInt16)" line-rate="1" branch-rate="1" complexity="1">
              <lines>
                <line number="192" hits="813" branch="False" />
                <line number="193" hits="813" branch="False" />
                <line number="194" hits="813" branch="False" />
                <line number="195" hits="813" branch="False" />
              </lines>
            </method>
            <method name="EndLogInstruction" signature="(_6502.CPU6502/OPCODE)" line-rate="1" branch-rate="1" complexity="1">
              <lines>
                <line number="198" hits="812" branch="False" />
                <line number="199" hits="812" branch="False" />
                <line number="200" hits="812" branch="False" />
              </lines>
            </method>
            <method name="LogParams" signature="(System.String)" line-rate="1" branch-rate="1" complexity="2">
              <lines>
                <line number="203" hits="640" branch="False" />
                <line number="204" hits="640" branch="True" condition-coverage="100% (2/2)">
                  <conditions>
                    <condition number="14" type="jump" coverage="100%" />
                  </conditions>
                </line>
                <line number="205" hits="552" branch="False" />
                <line number="206" hits="552" branch="False" />
                <line number="207" hits="552" branch="False" />
                <line number="209" hits="88" branch="False" />
                <line number="210" hits="88" branch="False" />
                <line number="211" hits="88" branch="False" />
                <line number="212" hits="640" branch="False" />
              </lines>
            </method>
            <method name="LogInstruction" signature="(_6502.CPU6502/OPCODE,System.UInt16,System.String)" line-rate="1" branch-rate="1" complexity="1">
              <lines>
                <line number="215" hits="812" branch="False" />
                <line number="216" hits="812" branch="False" />
                <line number="218" hits="812" branch="False" />
                <line number="219" hits="812" branch="False" />
              </lines>
            </method>
            <method name="LoadOpCodes" signature="()" line-rate="1" branch-rate="1" complexity="2">
              <lines>
                <line number="222" hits="171" branch="False" />
                <line number="223" hits="87894" branch="True" condition-coverage="100% (2/2)">
                  <conditions>
                    <condition number="30" type="jump" coverage="100%" />
                  </conditions>
                </line>
                <line number="224" hits="43776" branch="False" />
                <line number="225" hits="43776" branch="False" />
                <line number="226" hits="43776" branch="False" />
                <line number="229" hits="171" branch="False" />
                <line number="230" hits="171" branch="False" />
                <line number="231" hits="171" branch="False" />
                <line number="232" hits="171" branch="False" />
                <line number="233" hits="171" branch="False" />
                <line number="234" hits="171" branch="False" />
                <line number="235" hits="171" branch="False" />
                <line number="236" hits="171" branch="False" />
                <line number="237" hits="171" branch="False" />
                <line number="238" hits="171" branch="False" />
                <line number="239" hits="171" branch="False" />
                <line number="240" hits="171" branch="False" />
                <line number="241" hits="171" branch="False" />
                <line number="242" hits="171" branch="False" />
                <line number="243" hits="171" branch="False" />
                <line number="244" hits="171" branch="False" />
                <line number="245" hits="171" branch="False" />
                <line number="246" hits="171" branch="False" />
                <line number="247" hits="171" branch="False" />
                <line number="248" hits="171" branch="False" />
                <line number="249" hits="171" branch="False" />
                <line number="250" hits="171" branch="False" />
                <line number="251" hits="171" branch="False" />
                <line number="252" hits="171" branch="False" />
                <line number="253" hits="171" branch="False" />
                <line number="254" hits="171" branch="False" />
                <line number="255" hits="171" branch="False" />
                <line number="256" hits="171" branch="False" />
                <line number="257" hits="171" branch="False" />
                <line number="258" hits="171" branch="False" />
                <line number="259" hits="171" branch="False" />
                <line number="260" hits="171" branch="False" />
                <line number="261" hits="171" branch="False" />
                <line number="262" hits="171" branch="False" />
                <line number="263" hits="171" branch="False" />
                <line number="264" hits="171" branch="False" />
                <line number="265" hits="171" branch="False" />
                <line number="266" hits="171" branch="False" />
                <line number="267" hits="171" branch="False" />
                <line number="268" hits="171" branch="False" />
                <line number="269" hits="171" branch="False" />
                <line number="270" hits="171" branch="False" />
                <line number="271" hits="171" branch="False" />
                <line number="272" hits="171" branch="False" />
                <line number="273" hits="171" branch="False" />
                <line number="274" hits="171" branch="False" />
                <line number="275" hits="171" branch="False" />
                <line number="276" hits="171" branch="False" />
                <line number="277" hits="171" branch="False" />
                <line number="278" hits="171" branch="False" />
                <line number="279" hits="171" branch="False" />
                <line number="280" hits="171" branch="False" />
                <line number="281" hits="171" branch="False" />
                <line number="282" hits="171" branch="False" />
                <line number="283" hits="171" branch="False" />
                <line number="284" hits="171" branch="False" />
                <line number="285" hits="171" branch="False" />
                <line number="286" hits="171" branch="False" />
                <line number="287" hits="171" branch="False" />
                <line number="288" hits="171" branch="False" />
                <line number="289" hits="171" branch="False" />
                <line number="290" hits="171" branch="False" />
                <line number="291" hits="171" branch="False" />
                <line number="292" hits="171" branch="False" />
                <line number="293" hits="171" branch="False" />
                <line number="294" hits="171" branch="False" />
                <line number="295" hits="171" branch="False" />
                <line number="296" hits="171" branch="False" />
                <line number="297" hits="171" branch="False" />
                <line number="298" hits="171" branch="False" />
                <line number="299" hits="171" branch="False" />
                <line number="300" hits="171" branch="False" />
                <line number="301" hits="171" branch="False" />
                <line number="302" hits="171" branch="False" />
                <line number="303" hits="171" branch="False" />
                <line number="304" hits="171" branch="False" />
                <line number="305" hits="171" branch="False" />
                <line number="306" hits="171" branch="False" />
                <line number="307" hits="171" branch="False" />
                <line number="308" hits="171" branch="False" />
                <line number="309" hits="171" branch="False" />
                <line number="310" hits="171" branch="False" />
                <line number="311" hits="171" branch="False" />
                <line number="312" hits="171" branch="False" />
                <line number="313" hits="171" branch="False" />
                <line number="314" hits="171" branch="False" />
                <line number="315" hits="171" branch="False" />
                <line number="316" hits="171" branch="False" />
                <line number="317" hits="171" branch="False" />
                <line number="318" hits="171" branch="False" />
                <line number="319" hits="171" branch="False" />
                <line number="320" hits="171" branch="False" />
                <line number="321" hits="171" branch="False" />
                <line number="322" hits="171" branch="False" />
                <line number="323" hits="171" branch="False" />
                <line number="324" hits="171" branch="False" />
                <line number="325" hits="171" branch="False" />
                <line number="326" hits="171" branch="False" />
                <line number="327" hits="171" branch="False" />
                <line number="328" hits="171" branch="False" />
                <line number="329" hits="171" branch="False" />
                <line number="330" hits="171" branch="False" />
                <line number="331" hits="171" branch="False" />
                <line number="332" hits="171" branch="False" />
                <line number="333" hits="171" branch="False" />
                <line number="334" hits="171" branch="False" />
                <line number="335" hits="171" branch="False" />
                <line number="336" hits="171" branch="False" />
                <line number="337" hits="171" branch="False" />
                <line number="338" hits="171" branch="False" />
                <line number="339" hits="171" branch="False" />
                <line number="340" hits="171" branch="False" />
                <line number="341" hits="171" branch="False" />
                <line number="342" hits="171" branch="False" />
                <line number="343" hits="171" branch="False" />
                <line number="344" hits="171" branch="False" />
                <line number="345" hits="171" branch="False" />
                <line number="346" hits="171" branch="False" />
                <line number="347" hits="171" branch="False" />
                <line number="348" hits="171" branch="False" />
                <line number="349" hits="171" branch="False" />
                <line number="350" hits="171" branch="False" />
                <line number="351" hits="171" branch="False" />
                <line number="352" hits="171" branch="False" />
                <line number="353" hits="171" branch="False" />
                <line number="354" hits="171" branch="False" />
                <line number="355" hits="171" branch="False" />
                <line number="356" hits="171" branch="False" />
                <line number="357" hits="171" branch="False" />
                <line number="358" hits="171" branch="False" />
                <line number="359" hits="171" branch="False" />
                <line number="360" hits="171" branch="False" />
                <line number="361" hits="171" branch="False" />
                <line number="362" hits="171" branch="False" />
                <line number="363" hits="171" branch="False" />
                <line number="364" hits="171" branch="False" />
                <line number="365" hits="171" branch="False" />
                <line number="366" hits="171" branch="False" />
                <line number="367" hits="171" branch="False" />
                <line number="368" hits="171" branch="False" />
                <line number="369" hits="171" branch="False" />
                <line number="370" hits="171" branch="False" />
                <line number="371" hits="171" branch="False" />
                <line number="372" hits="171" branch="False" />
                <line number="373" hits="171" branch="False" />
                <line number="374" hits="171" branch="False" />
                <line number="375" hits="171" branch="False" />
                <line number="376" hits="171" branch="False" />
                <line number="377" hits="171" branch="False" />
              </lines>
            </method>
            <method name="Reset" signature="()" line-rate="1" branch-rate="1" complexity="1">
              <lines>
                <line number="380" hits="178" branch="False" />
                <line number="381" hits="178" branch="False" />
                <line number="383" hits="178" branch="False" />
                <line number="384" hits="178" branch="False" />
                <line number="385" hits="178" branch="False" />
                <line number="386" hits="178" branch="False" />
                <line number="387" hits="178" branch="False" />
                <line number="388" hits="178" branch="False" />
                <line number="389" hits="178" branch="False" />
                <line number="391" hits="178" branch="False" />
                <line number="392" hits="178" branch="False" />
                <line number="394" hits="178" branch="False" />
                <line number="395" hits="178" branch="False" />
                <line number="396" hits="178" branch="False" />
              </lines>
            </method>
            <method name="Run" signature="()" line-rate="1" branch-rate="1" complexity="4">
              <lines>
                <line number="399" hits="178" branch="False" />
                <line number="400" hits="813" branch="False" />
                <line number="401" hits="813" branch="False" />
                <line number="402" hits="813" branch="False" />
                <line number="403" hits="813" branch="False" />
                <line number="405" hits="813" branch="False" />
                <line number="407" hits="813" branch="True" condition-coverage="100% (2/2)">
                  <conditions>
                    <condition number="39" type="jump" coverage="100%" />
                  </conditions>
                </line>
                <line number="408" hits="1" branch="False" />
                <line number="409" hits="1" branch="False" />
                <line number="410" hits="1" branch="False" />
                <line number="411" hits="1" branch="False" />
                <line number="413" hits="812" branch="False" />
                <line number="414" hits="812" branch="False" />
                <line number="415" hits="812" branch="False" />
                <line number="417" hits="812" branch="True" condition-coverage="100% (2/2)">
                  <conditions>
                    <condition number="117" type="jump" coverage="100%" />
                  </conditions>
                </line>
                <line number="418" hits="178" branch="False" />
                <line number="420" hits="178" branch="False" />
                <line number="422" hits="634" branch="False" />
                <line number="423" hits="635" branch="False" />
                <line number="424" hits="178" branch="False" />
              </lines>
            </method>
            <method name="AddWithCarry" signature="(System.Byte)" line-rate="1" branch-rate="0.8332999999999999" complexity="6">
              <lines>
                <line number="427" hits="25" branch="False" />
                <line number="428" hits="25" branch="False" />
                <line number="429" hits="25" branch="False" />
                <line number="431" hits="25" branch="False" />
                <line number="433" hits="25" branch="True" condition-coverage="100% (2/2)">
                  <conditions>
                    <condition number="29" type="jump" coverage="100%" />
                  </conditions>
                </line>
                <line number="434" hits="2" branch="False" />
                <line number="435" hits="2" branch="False" />
                <line number="436" hits="2" branch="False" />
                <line number="438" hits="25" branch="False" />
                <line number="440" hits="25" branch="False" />
                <line number="442" hits="25" branch="True" condition-coverage="50% (1/2)">
                  <conditions>
                    <condition number="63" type="jump" coverage="50%" />
                  </conditions>
                </line>
                <line number="443" hits="25" branch="False" />
                <line number="444" hits="25" branch="False" />
                <line number="445" hits="25" branch="False" />
                <line number="447" hits="25" branch="True" condition-coverage="100% (2/2)">
                  <conditions>
                    <condition number="125" type="jump" coverage="100%" />
                  </conditions>
                </line>
                <line number="448" hits="25" branch="False" />
              </lines>
            </method>
            <method name="SubtractWithCarry" signature="(System.Byte)" line-rate="1" branch-rate="1" complexity="6">
              <lines>
                <line number="451" hits="16" branch="False" />
                <line number="452" hits="16" branch="False" />
                <line number="453" hits="16" branch="False" />
                <line number="455" hits="16" branch="False" />
                <line number="457" hits="16" branch="True" condition-coverage="100% (2/2)">
                  <conditions>
                    <condition number="29" type="jump" coverage="100%" />
                  </conditions>
                </line>
                <line number="458" hits="2" branch="False" />
                <line number="459" hits="2" branch="False" />
                <line number="460" hits="2" branch="False" />
                <line number="462" hits="16" branch="False" />
                <line number="464" hits="16" branch="False" />
                <line number="466" hits="16" branch="True" condition-coverage="100% (2/2)">
                  <conditions>
                    <condition number="63" type="jump" coverage="100%" />
                  </conditions>
                </line>
                <line number="467" hits="16" branch="False" />
                <line number="468" hits="16" branch="False" />
                <line number="469" hits="16" branch="False" />
                <line number="471" hits="16" branch="True" condition-coverage="100% (2/2)">
                  <conditions>
                    <condition number="125" type="jump" coverage="100%" />
                  </conditions>
                </line>
                <line number="472" hits="16" branch="False" />
              </lines>
            </method>
            <method name="BitTest" signature="(System.UInt16)" line-rate="1" branch-rate="1" complexity="1">
              <lines>
                <line number="475" hits="2" branch="False" />
                <line number="476" hits="2" branch="False" />
                <line number="477" hits="2" branch="False" />
                <line number="478" hits="2" branch="False" />
                <line number="479" hits="2" branch="False" />
                <line number="480" hits="2" branch="False" />
              </lines>
            </method>
            <method name="Branch" signature="(System.Boolean)" line-rate="1" branch-rate="1" complexity="2">
              <lines>
                <line number="483" hits="24" branch="False" />
                <line number="484" hits="24" branch="False" />
                <line number="485" hits="24" branch="False" />
                <line number="486" hits="24" branch="True" condition-coverage="100% (2/2)">
                  <conditions>
                    <condition number="35" type="jump" coverage="100%" />
                  </conditions>
                </line>
                <line number="487" hits="18" branch="False" />
                <line number="488" hits="18" branch="False" />
                <line number="489" hits="18" branch="False" />
                <line number="490" hits="24" branch="False" />
              </lines>
            </method>
            <method name="Fetch" signature="()" line-rate="1" branch-rate="1" complexity="1">
              <lines>
                <line number="493" hits="1592" branch="False" />
                <line number="494" hits="1592" branch="False" />
                <line number="495" hits="1592" branch="False" />
                <line number="496" hits="1592" branch="False" />
                <line number="497" hits="1592" branch="False" />
              </lines>
            </method>
            <method name="FetchWord" signature="()" line-rate="1" branch-rate="1" complexity="1">
              <lines>
                <line number="500" hits="227" branch="False" />
                <line number="501" hits="227" branch="False" />
                <line number="502" hits="227" branch="False" />
                <line number="503" hits="227" branch="False" />
                <line number="505" hits="227" branch="False" />
                <line number="506" hits="227" branch="False" />
              </lines>
            </method>
            <method name="Read" signature="(System.UInt16)" line-rate="1" branch-rate="1" complexity="1">
              <lines>
                <line number="509" hits="132" branch="False" />
                <line number="510" hits="132" branch="False" />
                <line number="511" hits="132" branch="False" />
              </lines>
            </method>
            <method name="ReadWord" signature="(System.UInt16)" line-rate="1" branch-rate="1" complexity="1">
              <lines>
                <line number="514" hits="11" branch="False" />
                <line number="515" hits="11" branch="False" />
                <line number="516" hits="11" branch="False" />
              </lines>
            </method>
            <method name="Write" signature="(System.UInt16,System.Byte)" line-rate="1" branch-rate="1" complexity="1">
              <lines>
                <line number="519" hits="298" branch="False" />
                <line number="520" hits="298" branch="False" />
                <line number="521" hits="298" branch="False" />
              </lines>
            </method>
            <method name="WriteWord" signature="(System.UInt16,System.UInt16)" line-rate="0" branch-rate="1" complexity="1">
              <lines>
                <line number="524" hits="0" branch="False" />
                <line number="525" hits="0" branch="False" />
                <line number="526" hits="0" branch="False" />
              </lines>
            </method>
            <method name="FetchAbsoluteAddress" signature="()" line-rate="1" branch-rate="1" complexity="1">
              <lines>
                <line number="529" hits="168" branch="False" />
                <line number="530" hits="168" branch="False" />
                <line number="531" hits="168" branch="False" />
                <line number="532" hits="168" branch="False" />
                <line number="533" hits="168" branch="False" />
              </lines>
            </method>
            <method name="FetchAbsoluteAddressX" signature="()" line-rate="1" branch-rate="1" complexity="1">
              <lines>
                <line number="535" hits="53" branch="False" />
                <line number="536" hits="53" branch="False" />
                <line number="537" hits="53" branch="False" />
                <line number="538" hits="53" branch="False" />
                <line number="539" hits="53" branch="False" />
                <line number="540" hits="53" branch="False" />
                <line number="541" hits="53" branch="False" />
              </lines>
            </method>
            <method name="FetchAbsoluteAddressY" signature="()" line-rate="1" branch-rate="1" complexity="1">
              <lines>
                <line number="543" hits="5" branch="False" />
                <line number="544" hits="5" branch="False" />
                <line number="545" hits="5" branch="False" />
                <line number="546" hits="5" branch="False" />
                <line number="547" hits="5" branch="False" />
                <line number="548" hits="5" branch="False" />
                <line number="549" hits="5" branch="False" />
              </lines>
            </method>
            <method name="FetchIndirectAddress" signature="()" line-rate="1" branch-rate="1" complexity="1">
              <lines>
                <line number="552" hits="1" branch="False" />
                <line number="553" hits="1" branch="False" />
                <line number="554" hits="1" branch="False" />
                <line number="555" hits="1" branch="False" />
                <line number="556" hits="1" branch="False" />
                <line number="557" hits="1" branch="False" />
                <line number="558" hits="1" branch="False" />
              </lines>
            </method>
            <method name="FetchIndexedIndirectAddressX" signature="()" line-rate="1" branch-rate="1" complexity="1">
              <lines>
                <line number="561" hits="5" branch="False" />
                <line number="562" hits="5" branch="False" />
                <line number="563" hits="5" branch="False" />
                <line number="564" hits="5" branch="False" />
                <line number="565" hits="5" branch="False" />
                <line number="566" hits="5" branch="False" />
                <line number="567" hits="5" branch="False" />
              </lines>
            </method>
            <method name="FetchIndirectIndexedAddressY" signature="()" line-rate="1" branch-rate="1" complexity="1">
              <lines>
                <line number="569" hits="5" branch="False" />
                <line number="570" hits="5" branch="False" />
                <line number="571" hits="5" branch="False" />
                <line number="572" hits="5" branch="False" />
                <line number="573" hits="5" branch="False" />
                <line number="574" hits="5" branch="False" />
                <line number="575" hits="5" branch="False" />
              </lines>
            </method>
            <method name="FetchZeroPageAddress" signature="()" line-rate="1" branch-rate="1" complexity="1">
              <lines>
                <line number="578" hits="31" branch="False" />
                <line number="579" hits="31" branch="False" />
                <line number="580" hits="31" branch="False" />
                <line number="581" hits="31" branch="False" />
                <line number="582" hits="31" branch="False" />
              </lines>
            </method>
            <method name="FetchZeroPageAddressX" signature="()" line-rate="1" branch-rate="1" complexity="1">
              <lines>
                <line number="584" hits="17" branch="False" />
                <line number="585" hits="17" branch="False" />
                <line number="586" hits="17" branch="False" />
                <line number="587" hits="17" branch="False" />
                <line number="588" hits="17" branch="False" />
                <line number="589" hits="17" branch="False" />
                <line number="590" hits="17" branch="False" />
              </lines>
            </method>
            <method name="FetchZeroPageAddressY" signature="()" line-rate="1" branch-rate="1" complexity="1">
              <lines>
                <line number="592" hits="2" branch="False" />
                <line number="593" hits="2" branch="False" />
                <line number="594" hits="2" branch="False" />
                <line number="595" hits="2" branch="False" />
                <line number="596" hits="2" branch="False" />
                <line number="597" hits="2" branch="False" />
                <line number="598" hits="2" branch="False" />
              </lines>
            </method>
            <method name="LoadAccumulator" signature="(System.Byte)" line-rate="1" branch-rate="1" complexity="1">
              <lines>
                <line number="601" hits="233" branch="False" />
                <line number="602" hits="233" branch="False" />
                <line number="603" hits="233" branch="False" />
                <line number="604" hits="233" branch="False" />
                <line number="605" hits="233" branch="False" />
              </lines>
            </method>
            <method name="LoadX" signature="(System.Byte)" line-rate="1" branch-rate="1" complexity="1">
              <lines>
                <line number="608" hits="82" branch="False" />
                <line number="609" hits="82" branch="False" />
                <line number="610" hits="82" branch="False" />
                <line number="611" hits="82" branch="False" />
                <line number="612" hits="82" branch="False" />
              </lines>
            </method>
            <method name="LoadY" signature="(System.Byte)" line-rate="1" branch-rate="1" complexity="1">
              <lines>
                <line number="615" hits="64" branch="False" />
                <line number="616" hits="64" branch="False" />
                <line number="617" hits="64" branch="False" />
                <line number="618" hits="64" branch="False" />
                <line number="619" hits="64" branch="False" />
              </lines>
            </method>
            <method name="Push" signature="(System.Byte)" line-rate="1" branch-rate="1" complexity="2">
              <lines>
                <line number="622" hits="268" branch="False" />
                <line number="623" hits="268" branch="False" />
                <line number="624" hits="268" branch="True" condition-coverage="100% (2/2)">
                  <conditions>
                    <condition number="33" type="jump" coverage="100%" />
                  </conditions>
                </line>
                <line number="625" hits="1" branch="False" />
                <line number="626" hits="1" branch="False" />
                <line number="627" hits="1" branch="False" />
                <line number="628" hits="1" branch="False" />
                <line number="629" hits="268" branch="False" />
                <line number="630" hits="268" branch="False" />
              </lines>
            </method>
            <method name="PushWord" signature="(System.UInt16)" line-rate="1" branch-rate="1" complexity="1">
              <lines>
                <line number="632" hits="130" branch="False" />
                <line number="633" hits="130" branch="False" />
                <line number="634" hits="130" branch="False" />
                <line number="635" hits="130" branch="False" />
              </lines>
            </method>
            <method name="Pull" signature="()" line-rate="1" branch-rate="1" complexity="2">
              <lines>
                <line number="638" hits="6" branch="False" />
                <line number="639" hits="6" branch="True" condition-coverage="100% (2/2)">
                  <conditions>
                    <condition number="16" type="jump" coverage="100%" />
                  </conditions>
                </line>
                <line number="640" hits="1" branch="False" />
                <line number="641" hits="1" branch="False" />
                <line number="642" hits="1" branch="False" />
                <line number="643" hits="1" branch="False" />
                <line number="644" hits="6" branch="False" />
                <line number="645" hits="6" branch="False" />
                <line number="646" hits="6" branch="False" />
                <line number="647" hits="6" branch="False" />
              </lines>
            </method>
            <method name="PullWord" signature="()" line-rate="1" branch-rate="1" complexity="1">
              <lines>
                <line number="650" hits="2" branch="False" />
                <line number="651" hits="2" branch="False" />
                <line number="652" hits="2" branch="False" />
                <line number="653" hits="2" branch="False" />
                <line number="654" hits="2" branch="False" />
              </lines>
            </method>
            <method name="CompareMemory" signature="(System.UInt16,System.Byte)" line-rate="1" branch-rate="1" complexity="1">
              <lines>
                <line number="657" hits="10" branch="False" />
                <line number="658" hits="10" branch="False" />
                <line number="659" hits="10" branch="False" />
                <line number="660" hits="10" branch="False" />
              </lines>
            </method>
            <method name="Compare" signature="(System.Byte,System.Byte)" line-rate="1" branch-rate="1" complexity="2">
              <lines>
                <line number="663" hits="21" branch="False" />
                <line number="664" hits="21" branch="True" condition-coverage="100% (2/2)">
                  <conditions>
                    <condition number="7" type="jump" coverage="100%" />
                  </conditions>
                </line>
                <line number="665" hits="14" branch="False" />
                <line number="666" hits="14" branch="False" />
                <line number="667" hits="14" branch="False" />
                <line number="668" hits="14" branch="False" />
                <line number="669" hits="14" branch="False" />
                <line number="671" hits="7" branch="False" />
                <line number="672" hits="7" branch="False" />
                <line number="673" hits="7" branch="False" />
                <line number="674" hits="7" branch="False" />
                <line number="675" hits="7" branch="False" />
                <line number="676" hits="21" branch="False" />
              </lines>
            </method>
            <method name="AndAccumulator" signature="(System.Byte)" line-rate="1" branch-rate="1" complexity="1">
              <lines>
                <line number="679" hits="6" branch="False" />
                <line number="680" hits="6" branch="False" />
                <line number="681" hits="6" branch="False" />
                <line number="682" hits="6" branch="False" />
              </lines>
            </method>
            <method name="OrAccumulator" signature="(System.Byte)" line-rate="1" branch-rate="1" complexity="1">
              <lines>
                <line number="685" hits="6" branch="False" />
                <line number="686" hits="6" branch="False" />
                <line number="687" hits="6" branch="False" />
                <line number="688" hits="6" branch="False" />
              </lines>
            </method>
            <method name="Asl" signature="(System.Byte)" line-rate="1" branch-rate="1" complexity="1">
              <lines>
                <line number="691" hits="7" branch="False" />
                <line number="692" hits="7" branch="False" />
                <line number="693" hits="7" branch="False" />
                <line number="694" hits="7" branch="False" />
                <line number="695" hits="7" branch="False" />
                <line number="696" hits="7" branch="False" />
              </lines>
            </method>
            <method name="Rol" signature="(System.Byte)" line-rate="1" branch-rate="1" complexity="2">
              <lines>
                <line number="699" hits="10" branch="False" />
                <line number="700" hits="10" branch="False" />
                <line number="701" hits="10" branch="False" />
                <line number="702" hits="10" branch="True" condition-coverage="100% (2/2)">
                  <conditions>
                    <condition number="28" type="jump" coverage="100%" />
                  </conditions>
                </line>
                <line number="703" hits="5" branch="False" />
                <line number="704" hits="5" branch="False" />
                <line number="705" hits="5" branch="False" />
                <line number="706" hits="10" branch="False" />
                <line number="707" hits="10" branch="False" />
                <line number="708" hits="10" branch="False" />
              </lines>
            </method>
            <method name="Lsr" signature="(System.Byte)" line-rate="1" branch-rate="1" complexity="1">
              <lines>
                <line number="711" hits="5" branch="False" />
                <line number="712" hits="5" branch="False" />
                <line number="713" hits="5" branch="False" />
                <line number="714" hits="5" branch="False" />
                <line number="715" hits="5" branch="False" />
                <line number="716" hits="5" branch="False" />
              </lines>
            </method>
            <method name="Ror" signature="(System.Byte)" line-rate="1" branch-rate="1" complexity="2">
              <lines>
                <line number="719" hits="10" branch="False" />
                <line number="720" hits="10" branch="False" />
                <line number="721" hits="10" branch="False" />
                <line number="722" hits="10" branch="True" condition-coverage="100% (2/2)">
                  <conditions>
                    <condition number="28" type="jump" coverage="100%" />
                  </conditions>
                </line>
                <line number="723" hits="5" branch="False" />
                <line number="724" hits="5" branch="False" />
                <line number="725" hits="5" branch="False" />
                <line number="726" hits="10" branch="False" />
                <line number="727" hits="10" branch="False" />
                <line number="728" hits="10" branch="False" />
              </lines>
            </method>
            <method name="DecrementMemory" signature="(System.UInt16)" line-rate="1" branch-rate="1" complexity="1">
              <lines>
                <line number="731" hits="5" branch="False" />
                <line number="732" hits="5" branch="False" />
                <line number="733" hits="5" branch="False" />
                <line number="734" hits="5" branch="False" />
                <line number="735" hits="5" branch="False" />
                <line number="736" hits="5" branch="False" />
                <line number="737" hits="5" branch="False" />
              </lines>
            </method>
            <method name="IncrementMemory" signature="(System.UInt16)" line-rate="0" branch-rate="1" complexity="1">
              <lines>
                <line number="740" hits="0" branch="False" />
                <line number="741" hits="0" branch="False" />
                <line number="742" hits="0" branch="False" />
                <line number="743" hits="0" branch="False" />
                <line number="744" hits="0" branch="False" />
                <line number="745" hits="0" branch="False" />
                <line number="746" hits="0" branch="False" />
              </lines>
            </method>
            <method name="EorAccumulator" signature="(System.Byte)" line-rate="1" branch-rate="1" complexity="1">
              <lines>
                <line number="749" hits="7" branch="False" />
                <line number="750" hits="7" branch="False" />
                <line number="751" hits="7" branch="False" />
              </lines>
            </method>
            <method name="FetchImmediate" signature="()" line-rate="1" branch-rate="1" complexity="1">
              <lines>
                <line number="753" hits="241" branch="False" />
                <line number="754" hits="241" branch="False" />
                <line number="755" hits="241" branch="False" />
                <line number="756" hits="241" branch="False" />
                <line number="757" hits="241" branch="False" />
              </lines>
            </method>
            <method name="Break" signature="(_6502.HaltReason)" line-rate="1" branch-rate="1" complexity="1">
              <lines>
                <line number="759" hits="177" branch="False" />
                <line number="760" hits="177" branch="False" />
                <line number="761" hits="177" branch="False" />
                <line number="762" hits="177" branch="False" />
              </lines>
            </method>
            <method name="AddWithCarryImmediate" signature="()" line-rate="1" branch-rate="1" complexity="1">
              <lines>
                <line number="768" hits="12" branch="False" />
                <line number="769" hits="12" branch="False" />
                <line number="770" hits="12" branch="False" />
              </lines>
            </method>
            <method name="AddWithCarryIndirectY" signature="()" line-rate="1" branch-rate="1" complexity="1">
              <lines>
                <line number="773" hits="1" branch="False" />
                <line number="774" hits="1" branch="False" />
                <line number="775" hits="1" branch="False" />
              </lines>
            </method>
            <method name="AddWithCarryIndirectX" signature="()" line-rate="1" branch-rate="1" complexity="1">
              <lines>
                <line number="778" hits="1" branch="False" />
                <line number="779" hits="1" branch="False" />
                <line number="780" hits="1" branch="False" />
              </lines>
            </method>
            <method name="AddWithCarryAbsoluteY" signature="()" line-rate="1" branch-rate="1" complexity="1">
              <lines>
                <line number="783" hits="1" branch="False" />
                <line number="784" hits="1" branch="False" />
                <line number="785" hits="1" branch="False" />
              </lines>
            </method>
            <method name="AddWithCarryAbsoluteX" signature="()" line-rate="1" branch-rate="1" complexity="1">
              <lines>
                <line number="788" hits="7" branch="False" />
                <line number="789" hits="7" branch="False" />
                <line number="790" hits="7" branch="False" />
              </lines>
            </method>
            <method name="AddWithCarryAbsolute" signature="()" line-rate="1" branch-rate="1" complexity="1">
              <lines>
                <line number="793" hits="1" branch="False" />
                <line number="794" hits="1" branch="False" />
                <line number="795" hits="1" branch="False" />
              </lines>
            </method>
            <method name="AddWithCarryZeroPageX" signature="()" line-rate="1" branch-rate="1" complexity="1">
              <lines>
                <line number="798" hits="1" branch="False" />
                <line number="799" hits="1" branch="False" />
                <line number="800" hits="1" branch="False" />
              </lines>
            </method>
            <method name="AddWithCarryZeroPage" signature="()" line-rate="1" branch-rate="1" complexity="1">
              <lines>
                <line number="803" hits="1" branch="False" />
                <line number="804" hits="1" branch="False" />
                <line number="805" hits="1" branch="False" />
              </lines>
            </method>
            <method name="AndIndirectY" signature="()" line-rate="0" branch-rate="1" complexity="1">
              <lines>
                <line number="808" hits="0" branch="False" />
                <line number="809" hits="0" branch="False" />
                <line number="810" hits="0" branch="False" />
              </lines>
            </method>
            <method name="AndIndirectX" signature="()" line-rate="0" branch-rate="1" complexity="1">
              <lines>
                <line number="813" hits="0" branch="False" />
                <line number="814" hits="0" branch="False" />
                <line number="815" hits="0" branch="False" />
              </lines>
            </method>
            <method name="AndAbsoluteY" signature="()" line-rate="1" branch-rate="1" complexity="1">
              <lines>
                <line number="818" hits="1" branch="False" />
                <line number="819" hits="1" branch="False" />
                <line number="820" hits="1" branch="False" />
              </lines>
            </method>
            <method name="AndAbsoluteX" signature="()" line-rate="1" branch-rate="1" complexity="1">
              <lines>
                <line number="823" hits="1" branch="False" />
                <line number="824" hits="1" branch="False" />
                <line number="825" hits="1" branch="False" />
              </lines>
            </method>
            <method name="AndAbsolute" signature="()" line-rate="1" branch-rate="1" complexity="1">
              <lines>
                <line number="828" hits="1" branch="False" />
                <line number="829" hits="1" branch="False" />
                <line number="830" hits="1" branch="False" />
              </lines>
            </method>
            <method name="AndZeroPageX" signature="()" line-rate="1" branch-rate="1" complexity="1">
              <lines>
                <line number="833" hits="1" branch="False" />
                <line number="834" hits="1" branch="False" />
                <line number="835" hits="1" branch="False" />
              </lines>
            </method>
            <method name="AndZeroPage" signature="()" line-rate="1" branch-rate="1" complexity="1">
              <lines>
                <line number="838" hits="1" branch="False" />
                <line number="839" hits="1" branch="False" />
                <line number="840" hits="1" branch="False" />
              </lines>
            </method>
            <method name="AndImmediate" signature="()" line-rate="1" branch-rate="1" complexity="1">
              <lines>
                <line number="843" hits="1" branch="False" />
                <line number="844" hits="1" branch="False" />
                <line number="845" hits="1" branch="False" />
              </lines>
            </method>
            <method name="AslAbsoluteX" signature="()" line-rate="1" branch-rate="1" complexity="1">
              <lines>
                <line number="847" hits="1" branch="False" />
                <line number="848" hits="1" branch="False" />
                <line number="849" hits="1" branch="False" />
              </lines>
            </method>
            <method name="AslAbsolute" signature="()" line-rate="1" branch-rate="1" complexity="1">
              <lines>
                <line number="852" hits="1" branch="False" />
                <line number="853" hits="1" branch="False" />
                <line number="854" hits="1" branch="False" />
              </lines>
            </method>
            <method name="AslZeroPageX" signature="()" line-rate="1" branch-rate="1" complexity="1">
              <lines>
                <line number="857" hits="1" branch="False" />
                <line number="858" hits="1" branch="False" />
                <line number="859" hits="1" branch="False" />
              </lines>
            </method>
            <method name="AslZeroPage" signature="()" line-rate="1" branch-rate="1" complexity="1">
              <lines>
                <line number="862" hits="1" branch="False" />
                <line number="863" hits="1" branch="False" />
                <line number="864" hits="1" branch="False" />
              </lines>
            </method>
            <method name="AslAccumulator" signature="()" line-rate="1" branch-rate="1" complexity="1">
              <lines>
                <line number="867" hits="3" branch="False" />
                <line number="868" hits="3" branch="False" />
                <line number="869" hits="3" branch="False" />
              </lines>
            </method>
            <method name="BitTestAbsolute" signature="()" line-rate="1" branch-rate="1" complexity="1">
              <lines>
                <line number="871" hits="2" branch="False" />
                <line number="872" hits="2" branch="False" />
                <line number="873" hits="2" branch="False" />
              </lines>
            </method>
            <method name="BitTestZeroPage" signature="()" line-rate="0" branch-rate="1" complexity="1">
              <lines>
                <line number="875" hits="0" branch="False" />
                <line number="876" hits="0" branch="False" />
                <line number="877" hits="0" branch="False" />
              </lines>
            </method>
            <method name="BranchOnCarryClear" signature="()" line-rate="1" branch-rate="1" complexity="1">
              <lines>
                <line number="880" hits="2" branch="False" />
                <line number="881" hits="2" branch="False" />
                <line number="882" hits="2" branch="False" />
              </lines>
            </method>
            <method name="BranchOnCarrySet" signature="()" line-rate="1" branch-rate="1" complexity="1">
              <lines>
                <line number="885" hits="2" branch="False" />
                <line number="886" hits="2" branch="False" />
                <line number="887" hits="2" branch="False" />
              </lines>
            </method>
            <method name="BranchOnOverflowClear" signature="()" line-rate="1" branch-rate="1" complexity="1">
              <lines>
                <line number="889" hits="1" branch="False" />
                <line number="890" hits="1" branch="False" />
                <line number="891" hits="1" branch="False" />
              </lines>
            </method>
            <method name="BranchOnOverflowSet" signature="()" line-rate="1" branch-rate="1" complexity="1">
              <lines>
                <line number="894" hits="1" branch="False" />
                <line number="895" hits="1" branch="False" />
                <line number="896" hits="1" branch="False" />
              </lines>
            </method>
            <method name="BranchEquals" signature="()" line-rate="1" branch-rate="1" complexity="1">
              <lines>
                <line number="898" hits="1" branch="False" />
                <line number="899" hits="1" branch="False" />
                <line number="900" hits="1" branch="False" />
              </lines>
            </method>
            <method name="BranchMinus" signature="()" line-rate="1" branch-rate="1" complexity="1">
              <lines>
                <line number="902" hits="2" branch="False" />
                <line number="903" hits="2" branch="False" />
                <line number="904" hits="2" branch="False" />
              </lines>
            </method>
            <method name="BranchNotEquals" signature="()" line-rate="1" branch-rate="1" complexity="1">
              <lines>
                <line number="906" hits="1" branch="False" />
                <line number="907" hits="1" branch="False" />
                <line number="908" hits="1" branch="False" />
              </lines>
            </method>
            <method name="BranchPositive" signature="()" line-rate="1" branch-rate="1" complexity="1">
              <lines>
                <line number="910" hits="14" branch="False" />
                <line number="911" hits="14" branch="False" />
                <line number="912" hits="14" branch="False" />
              </lines>
            </method>
            <method name="Break" signature="()" line-rate="1" branch-rate="1" complexity="1">
              <lines>
                <line number="915" hits="175" branch="False" />
                <line number="916" hits="175" branch="False" />
                <line number="917" hits="175" branch="False" />
              </lines>
            </method>
            <method name="ClearCarryFlag" signature="()" line-rate="1" branch-rate="1" complexity="1">
              <lines>
                <line number="920" hits="9" branch="False" />
                <line number="921" hits="9" branch="False" />
                <line number="922" hits="9" branch="False" />
              </lines>
            </method>
            <method name="ClearDecimalFlag" signature="()" line-rate="1" branch-rate="1" complexity="1">
              <lines>
                <line number="925" hits="1" branch="False" />
                <line number="926" hits="1" branch="False" />
                <line number="927" hits="1" branch="False" />
              </lines>
            </method>
            <method name="ClearOverflowFlag" signature="()" line-rate="1" branch-rate="1" complexity="1">
              <lines>
                <line number="929" hits="1" branch="False" />
                <line number="930" hits="1" branch="False" />
                <line number="931" hits="1" branch="False" />
              </lines>
            </method>
            <method name="ClearInterruptDisableFlag" signature="()" line-rate="1" branch-rate="1" complexity="1">
              <lines>
                <line number="934" hits="1" branch="False" />
                <line number="935" hits="1" branch="False" />
                <line number="936" hits="1" branch="False" />
              </lines>
            </method>
            <method name="CompareAccumulatorImmediate" signature="()" line-rate="1" branch-rate="1" complexity="1">
              <lines>
                <line number="938" hits="5" branch="False" />
                <line number="939" hits="5" branch="False" />
                <line number="940" hits="5" branch="False" />
              </lines>
            </method>
            <method name="CompareAccumulatorZeroPage" signature="()" line-rate="1" branch-rate="1" complexity="1">
              <lines>
                <line number="943" hits="1" branch="False" />
                <line number="944" hits="1" branch="False" />
                <line number="945" hits="1" branch="False" />
              </lines>
            </method>
            <method name="CompareAccumulatorZeroPageX" signature="()" line-rate="1" branch-rate="1" complexity="1">
              <lines>
                <line number="948" hits="1" branch="False" />
                <line number="949" hits="1" branch="False" />
                <line number="950" hits="1" branch="False" />
              </lines>
            </method>
            <method name="CompareAccumulatorAbsolute" signature="()" line-rate="1" branch-rate="1" complexity="1">
              <lines>
                <line number="953" hits="1" branch="False" />
                <line number="954" hits="1" branch="False" />
                <line number="955" hits="1" branch="False" />
              </lines>
            </method>
            <method name="CompareAccumulatorAbsoluteX" signature="()" line-rate="1" branch-rate="1" complexity="1">
              <lines>
                <line number="958" hits="1" branch="False" />
                <line number="959" hits="1" branch="False" />
                <line number="960" hits="1" branch="False" />
              </lines>
            </method>
            <method name="CompareAccumulatorIndirectX" signature="()" line-rate="1" branch-rate="1" complexity="1">
              <lines>
                <line number="962" hits="1" branch="False" />
                <line number="963" hits="1" branch="False" />
                <line number="964" hits="1" branch="False" />
              </lines>
            </method>
            <method name="CompareAccumulatorIndirectY" signature="()" line-rate="1" branch-rate="1" complexity="1">
              <lines>
                <line number="966" hits="1" branch="False" />
                <line number="967" hits="1" branch="False" />
                <line number="968" hits="1" branch="False" />
              </lines>
            </method>
            <method name="CompareXAbsolute" signature="()" line-rate="1" branch-rate="1" complexity="1">
              <lines>
                <line number="970" hits="1" branch="False" />
                <line number="971" hits="1" branch="False" />
                <line number="972" hits="1" branch="False" />
              </lines>
            </method>
            <method name="CompareXZeroPage" signature="()" line-rate="1" branch-rate="1" complexity="1">
              <lines>
                <line number="975" hits="1" branch="False" />
                <line number="976" hits="1" branch="False" />
                <line number="977" hits="1" branch="False" />
              </lines>
            </method>
            <method name="CompareXImmediate" signature="()" line-rate="1" branch-rate="1" complexity="1">
              <lines>
                <line number="980" hits="3" branch="False" />
                <line number="981" hits="3" branch="False" />
                <line number="982" hits="3" branch="False" />
              </lines>
            </method>
            <method name="CompareYAbsolute" signature="()" line-rate="1" branch-rate="1" complexity="1">
              <lines>
                <line number="985" hits="1" branch="False" />
                <line number="986" hits="1" branch="False" />
                <line number="987" hits="1" branch="False" />
              </lines>
            </method>
            <method name="CompareYZeroPage" signature="()" line-rate="1" branch-rate="1" complexity="1">
              <lines>
                <line number="990" hits="1" branch="False" />
                <line number="991" hits="1" branch="False" />
                <line number="992" hits="1" branch="False" />
              </lines>
            </method>
            <method name="CompareYImmediate" signature="()" line-rate="1" branch-rate="1" complexity="1">
              <lines>
                <line number="995" hits="3" branch="False" />
                <line number="996" hits="3" branch="False" />
                <line number="997" hits="3" branch="False" />
              </lines>
            </method>
            <method name="DecrementZeroPage" signature="()" line-rate="1" branch-rate="1" complexity="1">
              <lines>
                <line number="999" hits="2" branch="False" />
                <line number="1000" hits="2" branch="False" />
                <line number="1001" hits="2" branch="False" />
              </lines>
            </method>
            <method name="DecrementZeroPageX" signature="()" line-rate="1" branch-rate="1" complexity="1">
              <lines>
                <line number="1004" hits="1" branch="False" />
                <line number="1005" hits="1" branch="False" />
                <line number="1006" hits="1" branch="False" />
              </lines>
            </method>
            <method name="DecrementAbsolute" signature="()" line-rate="1" branch-rate="1" complexity="1">
              <lines>
                <line number="1009" hits="1" branch="False" />
                <line number="1010" hits="1" branch="False" />
                <line number="1011" hits="1" branch="False" />
              </lines>
            </method>
            <method name="DecrementAbsoluteX" signature="()" line-rate="1" branch-rate="1" complexity="1">
              <lines>
                <line number="1014" hits="1" branch="False" />
                <line number="1015" hits="1" branch="False" />
                <line number="1016" hits="1" branch="False" />
              </lines>
            </method>
            <method name="DecrementX" signature="()" line-rate="1" branch-rate="1" complexity="1">
              <lines>
                <line number="1019" hits="1" branch="False" />
                <line number="1020" hits="1" branch="False" />
                <line number="1021" hits="1" branch="False" />
              </lines>
            </method>
            <method name="DecrementY" signature="()" line-rate="1" branch-rate="1" complexity="1">
              <lines>
                <line number="1024" hits="13" branch="False" />
                <line number="1025" hits="13" branch="False" />
                <line number="1026" hits="13" branch="False" />
              </lines>
            </method>
            <method name="EorImmediate" signature="()" line-rate="1" branch-rate="1" complexity="1">
              <lines>
                <line number="1028" hits="1" branch="False" />
                <line number="1029" hits="1" branch="False" />
                <line number="1030" hits="1" branch="False" />
              </lines>
            </method>
            <method name="EorZeroPage" signature="()" line-rate="1" branch-rate="1" complexity="1">
              <lines>
                <line number="1033" hits="1" branch="False" />
                <line number="1034" hits="1" branch="False" />
                <line number="1035" hits="1" branch="False" />
              </lines>
            </method>
            <method name="EorZeroPageX" signature="()" line-rate="1" branch-rate="1" complexity="1">
              <lines>
                <line number="1038" hits="1" branch="False" />
                <line number="1039" hits="1" branch="False" />
                <line number="1040" hits="1" branch="False" />
              </lines>
            </method>
            <method name="EorAbsolute" signature="()" line-rate="1" branch-rate="1" complexity="1">
              <lines>
                <line number="1043" hits="1" branch="False" />
                <line number="1044" hits="1" branch="False" />
                <line number="1045" hits="1" branch="False" />
              </lines>
            </method>
            <method name="EorAbsoluteX" signature="()" line-rate="1" branch-rate="1" complexity="1">
              <lines>
                <line number="1048" hits="1" branch="False" />
                <line number="1049" hits="1" branch="False" />
                <line number="1050" hits="1" branch="False" />
              </lines>
            </method>
            <method name="EorAbsoluteY" signature="()" line-rate="0" branch-rate="1" complexity="1">
              <lines>
                <line number="1053" hits="0" branch="False" />
                <line number="1054" hits="0" branch="False" />
                <line number="1055" hits="0" branch="False" />
              </lines>
            </method>
            <method name="EorIndirectX" signature="()" line-rate="1" branch-rate="1" complexity="1">
              <lines>
                <line number="1058" hits="1" branch="False" />
                <line number="1059" hits="1" branch="False" />
                <line number="1060" hits="1" branch="False" />
              </lines>
            </method>
            <method name="EorIndirectY" signature="()" line-rate="1" branch-rate="1" complexity="1">
              <lines>
                <line number="1063" hits="1" branch="False" />
                <line number="1064" hits="1" branch="False" />
                <line number="1065" hits="1" branch="False" />
              </lines>
            </method>
            <method name="IncrementZeroPage" signature="()" line-rate="0" branch-rate="1" complexity="1">
              <lines>
                <line number="1068" hits="0" branch="False" />
                <line number="1069" hits="0" branch="False" />
                <line number="1070" hits="0" branch="False" />
              </lines>
            </method>
            <method name="IncrementZeroPageX" signature="()" line-rate="0" branch-rate="1" complexity="1">
              <lines>
                <line number="1073" hits="0" branch="False" />
                <line number="1074" hits="0" branch="False" />
                <line number="1075" hits="0" branch="False" />
              </lines>
            </method>
            <method name="IncrementAbsolute" signature="()" line-rate="0" branch-rate="1" complexity="1">
              <lines>
                <line number="1078" hits="0" branch="False" />
                <line number="1079" hits="0" branch="False" />
                <line number="1080" hits="0" branch="False" />
              </lines>
            </method>
            <method name="IncrementAbsoluteX" signature="()" line-rate="0" branch-rate="1" complexity="1">
              <lines>
                <line number="1083" hits="0" branch="False" />
                <line number="1084" hits="0" branch="False" />
                <line number="1085" hits="0" branch="False" />
              </lines>
            </method>
            <method name="IncrementX" signature="()" line-rate="1" branch-rate="1" complexity="1">
              <lines>
                <line number="1088" hits="12" branch="False" />
                <line number="1089" hits="12" branch="False" />
                <line number="1090" hits="12" branch="False" />
              </lines>
            </method>
            <method name="IncrementY" signature="()" line-rate="0" branch-rate="1" complexity="1">
              <lines>
                <line number="1093" hits="0" branch="False" />
                <line number="1094" hits="0" branch="False" />
                <line number="1095" hits="0" branch="False" />
              </lines>
            </method>
            <method name="JumpAbsolute" signature="()" line-rate="1" branch-rate="1" complexity="1">
              <lines>
                <line number="1097" hits="5" branch="False" />
                <line number="1098" hits="5" branch="False" />
                <line number="1099" hits="5" branch="False" />
              </lines>
            </method>
            <method name="JumpIndirect" signature="()" line-rate="1" branch-rate="1" complexity="1">
              <lines>
                <line number="1101" hits="1" branch="False" />
                <line number="1102" hits="1" branch="False" />
                <line number="1103" hits="1" branch="False" />
              </lines>
            </method>
            <method name="JumpToSubroutine" signature="()" line-rate="1" branch-rate="1" complexity="1">
              <lines>
                <line number="1105" hits="130" branch="False" />
                <line number="1106" hits="130" branch="False" />
                <line number="1107" hits="130" branch="False" />
                <line number="1108" hits="130" branch="False" />
                <line number="1109" hits="130" branch="False" />
              </lines>
            </method>
[...]
            <line number="42" hits="632" branch="False" />
            <line number="44" hits="73" branch="False" />
            <line number="45" hits="73" branch="False" />
            <line number="46" hits="73" branch="False" />
            <line number="49" hits="316" branch="False" />
            <line number="50" hits="316" branch="False" />
            <line number="51" hits="316" branch="False" />
            <line number="54" hits="120" branch="False" />
            <line number="55" hits="120" branch="False" />
            <line number="56" hits="120" branch="False" />
            <line number="57" hits="120" branch="False" />
            <line number="58" hits="120" branch="False" />
            <line number="59" hits="120" branch="False" />
            <line number="62" hits="94" branch="False" />
            <line number="63" hits="94" branch="False" />
            <line number="64" hits="94" branch="False" />
            <line number="67" hits="0" branch="False" />
            <line number="68" hits="0" branch="False" />
            <line number="69" hits="0" branch="False" />
            <line number="70" hits="0" branch="False" />
            <line number="71" hits="0" branch="False" />
            <line number="72" hits="0" branch="False" />
            <line number="75" hits="0" branch="False" />
            <line number="76" hits="0" branch="False" />
            <line number="77" hits="0" branch="False" />
            <line number="78" hits="0" branch="False" />
            <line number="81" hits="50" branch="False" />
            <line number="82" hits="50" branch="False" />
            <line number="83" hits="50" branch="False" />
            <line number="84" hits="50" branch="False" />
            <line number="87" hits="2" branch="False" />
            <line number="88" hits="2" branch="False" />
            <line number="89" hits="2" branch="False" />
            <line number="90" hits="2" branch="False" />
            <line number="93" hits="1167" branch="False" />
            <line number="94" hits="1167" branch="True" condition-coverage="100% (2/2)">
              <conditions>
                <condition number="12" type="jump" coverage="100%" />
              </conditions>
            </line>
            <line number="95" hits="50" branch="False" />
            <line number="96" hits="50" branch="True" condition-coverage="50% (1/2)">
              <conditions>
                <condition number="29" type="jump" coverage="50%" />
              </conditions>
            </line>
            <line number="97" hits="0" branch="False" />
            <line number="98" hits="0" branch="False" />
            <line number="99" hits="0" branch="False" />
            <line number="101" hits="50" branch="False" />
            <line number="102" hits="50" branch="False" />
            <line number="103" hits="50" branch="False" />
            <line number="104" hits="50" branch="False" />
            <line number="105" hits="1167" branch="False" />
            <line number="108" hits="0" branch="False" />
            <line number="109" hits="0" branch="False" />
            <line number="110" hits="0" branch="False" />
            <line number="113" hits="38" branch="False" />
            <line number="114" hits="218" branch="True" condition-coverage="100% (2/2)">
              <conditions>
                <condition number="133" type="jump" coverage="100%" />
              </conditions>
            </line>
            <line number="115" hits="52" branch="False" />
            <line number="116" hits="52" branch="True" condition-coverage="50% (1/2)">
              <conditions>
                <condition number="45" type="jump" coverage="50%" />
              </conditions>
            </line>
            <line number="117" hits="52" branch="False" />
            <line number="118" hits="52" branch="False" />
            <line number="119" hits="52" branch="False" />
            <line number="121" hits="0" branch="False" />
            <line number="122" hits="0" branch="False" />
            <line number="123" hits="0" branch="False" />
            <line number="124" hits="52" branch="False" />
            <line number="126" hits="38" branch="False" />
            <line number="127" hits="38" branch="False" />
            <line number="13" hits="177" branch="False" />
            <line number="14" hits="177" branch="False" />
            <line number="15" hits="177" branch="False" />
            <line number="16" hits="177" branch="False" />
            <line number="17" hits="177" branch="False" />
            <line number="18" hits="177" branch="False" />
            <line number="19" hits="177" branch="False" />
          </lines>
        </class>
        <class name="_6502.MemoryMappedDisplay" filename="MemoryMappedDisplay.cs" line-rate="1" branch-rate="1" complexity="10">
          <methods>
            <method name="get_CanRead" signature="()" line-rate="1" branch-rate="1" complexity="1">
              <lines>
                <line number="8" hits="7" branch="False" />
              </lines>
            </method>
            <method name="get_CanWrite" signature="()" line-rate="1" branch-rate="1" complexity="1">
              <lines>
                <line number="9" hits="7" branch="False" />
              </lines>
            </method>
            <method name="get_StartAddress" signature="()" line-rate="1" branch-rate="1" complexity="1">
              <lines>
                <line number="10" hits="527" branch="False" />
              </lines>
            </method>
            <method name="get_Size" signature="()" line-rate="1" branch-rate="1" complexity="1">
              <lines>
                <line number="11" hits="14385" branch="False" />
              </lines>
            </method>
            <method name="Write" signature="(System.UInt16,System.Byte)" line-rate="1" branch-rate="1" complexity="1">
              <lines>
                <line number="23" hits="7" branch="False" />
                <line number="25" hits="7" branch="False" />
                <line number="26" hits="7" branch="False" />
                <line number="27" hits="7" branch="False" />
                <line number="28" hits="7" branch="False" />
              </lines>
            </method>
            <method name="Read" signature="(System.UInt16)" line-rate="1" branch-rate="1" complexity="1">
              <lines>
                <line number="31" hits="7" branch="False" />
                <line number="33" hits="7" branch="False" />
                <line number="34" hits="7" branch="False" />
                <line number="35" hits="7" branch="False" />
              </lines>
            </method>
            <method name="Render" signature="()" line-rate="1" branch-rate="1" complexity="1">
              <lines>
                <line number="38" hits="7" branch="False" />
                <line number="39" hits="7" branch="False" />
                <line number="40" hits="7" branch="False" />
              </lines>
            </method>
            <method name="Clear" signature="()" line-rate="1" branch-rate="1" complexity="2">
              <lines>
                <line number="43" hits="171" branch="False" />
                <line number="44" hits="14022" branch="True" condition-coverage="100% (2/2)">
                  <conditions>
                    <condition number="34" type="jump" coverage="100%" />
                  </conditions>
                </line>
                <line number="45" hits="6840" branch="False" />
                <line number="46" hits="6840" branch="False" />
                <line number="47" hits="6840" branch="False" />
                <line number="48" hits="171" branch="False" />
              </lines>
            </method>
            <method name=".ctor" signature="(System.UInt16,System.UInt32)" line-rate="1" branch-rate="1" complexity="1">
              <lines>
                <line number="14" hits="171" branch="False" />
                <line number="15" hits="171" branch="False" />
                <line number="16" hits="171" branch="False" />
                <line number="17" hits="171" branch="False" />
                <line number="18" hits="171" branch="False" />
                <line number="19" hits="171" branch="False" />
                <line number="20" hits="171" branch="False" />
              </lines>
            </method>
          </methods>
          <lines>
            <line number="8" hits="7" branch="False" />
            <line number="9" hits="7" branch="False" />
            <line number="10" hits="527" branch="False" />
            <line number="11" hits="14385" branch="False" />
            <line number="23" hits="7" branch="False" />
            <line number="25" hits="7" branch="False" />
            <line number="26" hits="7" branch="False" />
            <line number="27" hits="7" branch="False" />
            <line number="28" hits="7" branch="False" />
            <line number="31" hits="7" branch="False" />
            <line number="33" hits="7" branch="False" />
            <line number="34" hits="7" branch="False" />
            <line number="35" hits="7" branch="False" />
            <line number="38" hits="7" branch="False" />
            <line number="39" hits="7" branch="False" />
            <line number="40" hits="7" branch="False" />
            <line number="43" hits="171" branch="False" />
            <line number="44" hits="14022" branch="True" condition-coverage="100% (2/2)">
              <conditions>
                <condition number="34" type="jump" coverage="100%" />
              </conditions>
            </line>
            <line number="45" hits="6840" branch="False" />
            <line number="46" hits="6840" branch="False" />
            <line number="47" hits="6840" branch="False" />
            <line number="48" hits="171" branch="False" />
            <line number="14" hits="171" branch="False" />
            <line number="15" hits="171" branch="False" />
            <line number="16" hits="171" branch="False" />
            <line number="17" hits="171" branch="False" />
            <line number="18" hits="171" branch="False" />
            <line number="19" hits="171" branch="False" />
            <line number="20" hits="171" branch="False" />
          </lines>
        </class>
        <class name="_6502.Ram" filename="Ram.cs" line-rate="1" branch-rate="1" complexity="7">
          <methods>
            <method name="get_CanRead" signature="()" line-rate="1" branch-rate="1" complexity="1">
              <lines>
                <line number="8" hits="2107" branch="False" />
              </lines>
            </method>
            <method name="get_CanWrite" signature="()" line-rate="1" branch-rate="1" complexity="1">
              <lines>
                <line number="9" hits="2024" branch="False" />
              </lines>
            </method>
            <method name="get_StartAddress" signature="()" line-rate="1" branch-rate="1" complexity="1">
              <lines>
                <line number="10" hits="4644" branch="False" />
              </lines>
            </method>
            <method name="get_Size" signature="()" line-rate="1" branch-rate="1" complexity="1">
              <lines>
                <line number="11" hits="11211300" branch="False" />
              </lines>
            </method>
            <method name="Write" signature="(System.UInt16,System.Byte)" line-rate="1" branch-rate="1" complexity="1">
              <lines>
                <line number="23" hits="2024" branch="False" />
                <line number="25" hits="2024" branch="False" />
                <line number="26" hits="2024" branch="False" />
                <line number="27" hits="2024" branch="False" />
              </lines>
            </method>
            <method name="Read" signature="(System.UInt16)" line-rate="1" branch-rate="1" complexity="1">
              <lines>
                <line number="30" hits="2107" branch="False" />
                <line number="32" hits="2107" branch="False" />
                <line number="33" hits="2107" branch="False" />
                <line number="34" hits="2107" branch="False" />
              </lines>
            </method>
            <method name=".ctor" signature="(System.UInt16,System.UInt32)" line-rate="1" branch-rate="1" complexity="1">
              <lines>
                <line number="14" hits="171" branch="False" />
                <line number="15" hits="171" branch="False" />
                <line number="16" hits="171" branch="False" />
                <line number="17" hits="171" branch="False" />
                <line number="18" hits="171" branch="False" />
                <line number="19" hits="171" branch="False" />
                <line number="20" hits="171" branch="False" />
              </lines>
            </method>
          </methods>
          <lines>
            <line number="8" hits="2107" branch="False" />
            <line number="9" hits="2024" branch="False" />
            <line number="10" hits="4644" branch="False" />
            <line number="11" hits="11211300" branch="False" />
            <line number="23" hits="2024" branch="False" />
            <line number="25" hits="2024" branch="False" />
            <line number="26" hits="2024" branch="False" />
            <line number="27" hits="2024" branch="False" />
            <line number="30" hits="2107" branch="False" />
            <line number="32" hits="2107" branch="False" />
            <line number="33" hits="2107" branch="False" />
            <line number="34" hits="2107" branch="False" />
            <line number="14" hits="171" branch="False" />
            <line number="15" hits="171" branch="False" />
            <line number="16" hits="171" branch="False" />
            <line number="17" hits="171" branch="False" />
            <line number="18" hits="171" branch="False" />
            <line number="19" hits="171" branch="False" />
            <line number="20" hits="171" branch="False" />
          </lines>
        </class>
        <class name="_6502.Rom" filename="Rom.cs" line-rate="0" branch-rate="0" complexity="10">
          <methods>
            <method name="get_CanRead" signature="()" line-rate="0" branch-rate="1" complexity="1">
              <lines>
                <line number="9" hits="0" branch="False" />
              </lines>
            </method>
            <method name="get_CanWrite" signature="()" line-rate="0" branch-rate="1" complexity="1">
              <lines>
                <line number="10" hits="0" branch="False" />
              </lines>
            </method>
            <method name="get_StartAddress" signature="()" line-rate="0" branch-rate="1" complexity="1">
              <lines>
                <line number="11" hits="0" branch="False" />
              </lines>
            </method>
            <method name="get_Size" signature="()" line-rate="0" branch-rate="1" complexity="1">
              <lines>
                <line number="12" hits="0" branch="False" />
              </lines>
            </method>
            <method name="Write" signature="(System.UInt16,System.Byte)" line-rate="0" branch-rate="1" complexity="1">
              <lines>
                <line number="24" hits="0" branch="False" />
                <line number="26" hits="0" branch="False" />
                <line number="28" hits="0" branch="False" />
              </lines>
            </method>
            <method name="Read" signature="(System.UInt16)" line-rate="0" branch-rate="1" complexity="1">
              <lines>
                <line number="31" hits="0" branch="False" />
                <line number="33" hits="0" branch="False" />
                <line number="34" hits="0" branch="False" />
                <line number="35" hits="0" branch="False" />
              </lines>
            </method>
            <method name="Erase" signature="()" line-rate="0" branch-rate="0" complexity="2">
              <lines>
                <line number="38" hits="0" branch="False" />
                <line number="39" hits="0" branch="True" condition-coverage="0% (0/2)">
                  <conditions>
                    <condition number="33" type="jump" coverage="0%" />
                  </conditions>
                </line>
                <line number="40" hits="0" branch="False" />
                <line number="41" hits="0" branch="False" />
                <line number="42" hits="0" branch="False" />
                <line number="44" hits="0" branch="False" />
                <line number="45" hits="0" branch="False" />
              </lines>
            </method>
            <method name="Burn" signature="(System.Byte[],System.UInt16)" line-rate="0" branch-rate="1" complexity="1">
              <lines>
                <line number="48" hits="0" branch="False" />
                <line number="49" hits="0" branch="False" />
                <line number="51" hits="0" branch="False" />
                <line number="53" hits="0" branch="False" />
                <line number="54" hits="0" branch="False" />
              </lines>
            </method>
            <method name=".ctor" signature="(System.UInt16,System.UInt32)" line-rate="0" branch-rate="1" complexity="1">
              <lines>
                <line number="8" hits="0" branch="False" />
                <line number="15" hits="0" branch="False" />
                <line number="16" hits="0" branch="False" />
                <line number="17" hits="0" branch="False" />
                <line number="18" hits="0" branch="False" />
                <line number="19" hits="0" branch="False" />
                <line number="20" hits="0" branch="False" />
                <line number="21" hits="0" branch="False" />
              </lines>
            </method>
          </methods>
          <lines>
            <line number="9" hits="0" branch="False" />
            <line number="10" hits="0" branch="False" />
            <line number="11" hits="0" branch="False" />
            <line number="12" hits="0" branch="False" />
            <line number="24" hits="0" branch="False" />
            <line number="26" hits="0" branch="False" />
            <line number="28" hits="0" branch="False" />
            <line number="31" hits="0" branch="False" />
            <line number="33" hits="0" branch="False" />
            <line number="34" hits="0" branch="False" />
            <line number="35" hits="0" branch="False" />
            <line number="38" hits="0" branch="False" />
            <line number="39" hits="0" branch="True" condition-coverage="0% (0/2)">
              <conditions>
                <condition number="33" type="jump" coverage="0%" />
              </conditions>
            </line>
            <line number="40" hits="0" branch="False" />
            <line number="41" hits="0" branch="False" />
            <line number="42" hits="0" branch="False" />
            <line number="44" hits="0" branch="False" />
            <line number="45" hits="0" branch="False" />
            <line number="48" hits="0" branch="False" />
            <line number="49" hits="0" branch="False" />
            <line number="51" hits="0" branch="False" />
            <line number="53" hits="0" branch="False" />
            <line number="54" hits="0" branch="False" />
            <line number="8" hits="0" branch="False" />
            <line number="15" hits="0" branch="False" />
            <line number="16" hits="0" branch="False" />
            <line number="17" hits="0" branch="False" />
            <line number="18" hits="0" branch="False" />
            <line number="19" hits="0" branch="False" />
            <line number="20" hits="0" branch="False" />
            <line number="21" hits="0" branch="False" />
          </lines>
        </class>
      </classes>
    </package>
  </packages>
</coverage>